{"/Developer/sites/cod/W6/P2_game/src/js/foxgame.js": {"path":"/Developer/sites/cod/W6/P2_game/src/js/foxgame.js","statementMap":{"0":{"start":{"line":1,"column":211},"end":{"line":1,"column":265}},"1":{"start":{"line":3,"column":19},"end":{"line":3,"column":96}},"2":{"start":{"line":4,"column":12},"end":{"line":4,"column":70}},"3":{"start":{"line":5,"column":17},"end":{"line":5,"column":81}},"4":{"start":{"line":7,"column":11},"end":{"line":20,"column":1}},"5":{"start":{"line":9,"column":2},"end":{"line":12,"column":3}},"6":{"start":{"line":10,"column":4},"end":{"line":10,"column":16}},"7":{"start":{"line":11,"column":4},"end":{"line":11,"column":11}},"8":{"start":{"line":13,"column":2},"end":{"line":13,"column":92}},"9":{"start":{"line":15,"column":2},"end":{"line":18,"column":3}},"10":{"start":{"line":16,"column":4},"end":{"line":16,"column":71}},"11":{"start":{"line":17,"column":4},"end":{"line":17,"column":77}},"12":{"start":{"line":22,"column":22},"end":{"line":24,"column":1}},"13":{"start":{"line":23,"column":2},"end":{"line":23,"column":93}},"14":{"start":{"line":26,"column":16},"end":{"line":28,"column":1}},"15":{"start":{"line":27,"column":2},"end":{"line":27,"column":49}},"16":{"start":{"line":30,"column":18},"end":{"line":36,"column":1}},"17":{"start":{"line":31,"column":2},"end":{"line":31,"column":25}},"18":{"start":{"line":32,"column":2},"end":{"line":35,"column":3}},"19":{"start":{"line":33,"column":4},"end":{"line":33,"column":84}},"20":{"start":{"line":34,"column":4},"end":{"line":34,"column":15}},"21":{"start":{"line":38,"column":15},"end":{"line":40,"column":1}},"22":{"start":{"line":39,"column":2},"end":{"line":39,"column":66}},"23":{"start":{"line":42,"column":32},"end":{"line":48,"column":1}},"24":{"start":{"line":43,"column":2},"end":{"line":47,"column":3}},"25":{"start":{"line":44,"column":4},"end":{"line":44,"column":16}},"26":{"start":{"line":46,"column":4},"end":{"line":46,"column":17}},"27":{"start":{"line":50,"column":0},"end":{"line":50,"column":7}}},"fnMap":{"0":{"name":"_interopRequireDefault","decl":{"start":{"line":1,"column":182},"end":{"line":1,"column":204}},"loc":{"start":{"line":1,"column":210},"end":{"line":1,"column":266}}},"1":{"name":"init","decl":{"start":{"line":7,"column":20},"end":{"line":7,"column":24}},"loc":{"start":{"line":7,"column":27},"end":{"line":20,"column":1}}},"2":{"name":"(anonymous_2)","decl":{"start":{"line":13,"column":32},"end":{"line":13,"column":33}},"loc":{"start":{"line":13,"column":70},"end":{"line":13,"column":91}}},"3":{"name":"isWebfontLoaded","decl":{"start":{"line":22,"column":31},"end":{"line":22,"column":46}},"loc":{"start":{"line":22,"column":49},"end":{"line":24,"column":1}}},"4":{"name":"startGame","decl":{"start":{"line":26,"column":25},"end":{"line":26,"column":34}},"loc":{"start":{"line":26,"column":37},"end":{"line":28,"column":1}}},"5":{"name":"formHandler","decl":{"start":{"line":30,"column":27},"end":{"line":30,"column":38}},"loc":{"start":{"line":30,"column":46},"end":{"line":36,"column":1}}},"6":{"name":"hideForm","decl":{"start":{"line":38,"column":24},"end":{"line":38,"column":32}},"loc":{"start":{"line":38,"column":35},"end":{"line":40,"column":1}}},"7":{"name":"checkSessionStorageForKey","decl":{"start":{"line":42,"column":41},"end":{"line":42,"column":66}},"loc":{"start":{"line":42,"column":72},"end":{"line":48,"column":1}}}},"branchMap":{"0":{"loc":{"start":{"line":1,"column":218},"end":{"line":1,"column":264}},"type":"cond-expr","locations":[{"start":{"line":1,"column":242},"end":{"line":1,"column":245}},{"start":{"line":1,"column":248},"end":{"line":1,"column":264}}]},"1":{"loc":{"start":{"line":1,"column":218},"end":{"line":1,"column":239}},"type":"binary-expr","locations":[{"start":{"line":1,"column":218},"end":{"line":1,"column":221}},{"start":{"line":1,"column":225},"end":{"line":1,"column":239}}]},"2":{"loc":{"start":{"line":9,"column":2},"end":{"line":12,"column":3}},"type":"if","locations":[{"start":{"line":9,"column":2},"end":{"line":12,"column":3}},{"start":{"line":9,"column":2},"end":{"line":12,"column":3}}]},"3":{"loc":{"start":{"line":15,"column":2},"end":{"line":18,"column":3}},"type":"if","locations":[{"start":{"line":15,"column":2},"end":{"line":18,"column":3}},{"start":{"line":15,"column":2},"end":{"line":18,"column":3}}]},"4":{"loc":{"start":{"line":32,"column":2},"end":{"line":35,"column":3}},"type":"if","locations":[{"start":{"line":32,"column":2},"end":{"line":35,"column":3}},{"start":{"line":32,"column":2},"end":{"line":35,"column":3}}]},"5":{"loc":{"start":{"line":43,"column":2},"end":{"line":47,"column":3}},"type":"if","locations":[{"start":{"line":43,"column":2},"end":{"line":47,"column":3}},{"start":{"line":43,"column":2},"end":{"line":47,"column":3}}]}},"s":{"0":0,"1":0,"2":0,"3":0,"4":0,"5":0,"6":0,"7":0,"8":0,"9":0,"10":0,"11":0,"12":0,"13":0,"14":0,"15":0,"16":0,"17":0,"18":0,"19":0,"20":0,"21":0,"22":0,"23":0,"24":0,"25":0,"26":0,"27":0},"f":{"0":0,"1":0,"2":0,"3":0,"4":0,"5":0,"6":0,"7":0},"b":{"0":[0,0],"1":[0,0],"2":[0,0],"3":[0,0],"4":[0,0],"5":[0,0]}}
,"/Developer/sites/cod/W6/P2_game/src/js/stats.js": {"path":"/Developer/sites/cod/W6/P2_game/src/js/stats.js","statementMap":{"0":{"start":{"line":2,"column":204},"end":{"line":2,"column":258}},"1":{"start":{"line":4,"column":12},"end":{"line":4,"column":81}},"2":{"start":{"line":5,"column":13},"end":{"line":5,"column":84}},"3":{"start":{"line":6,"column":14},"end":{"line":6,"column":86}},"4":{"start":{"line":7,"column":39},"end":{"line":7,"column":69}},"5":{"start":{"line":9,"column":11},"end":{"line":14,"column":1}},"6":{"start":{"line":11,"column":2},"end":{"line":11,"column":16}},"7":{"start":{"line":12,"column":2},"end":{"line":12,"column":14}},"8":{"start":{"line":13,"column":2},"end":{"line":13,"column":32}},"9":{"start":{"line":16,"column":16},"end":{"line":38,"column":1}},"10":{"start":{"line":17,"column":2},"end":{"line":17,"column":61}},"11":{"start":{"line":18,"column":2},"end":{"line":37,"column":5}},"12":{"start":{"line":25,"column":4},"end":{"line":28,"column":5}},"13":{"start":{"line":26,"column":6},"end":{"line":26,"column":80}},"14":{"start":{"line":27,"column":6},"end":{"line":27,"column":13}},"15":{"start":{"line":29,"column":4},"end":{"line":29,"column":65}},"16":{"start":{"line":30,"column":4},"end":{"line":30,"column":104}},"17":{"start":{"line":31,"column":4},"end":{"line":31,"column":52}},"18":{"start":{"line":35,"column":4},"end":{"line":35,"column":110}},"19":{"start":{"line":36,"column":4},"end":{"line":36,"column":66}},"20":{"start":{"line":40,"column":18},"end":{"line":48,"column":1}},"21":{"start":{"line":41,"column":2},"end":{"line":41,"column":64}},"22":{"start":{"line":42,"column":2},"end":{"line":42,"column":60}},"23":{"start":{"line":43,"column":2},"end":{"line":43,"column":92}},"24":{"start":{"line":44,"column":2},"end":{"line":47,"column":3}},"25":{"start":{"line":45,"column":4},"end":{"line":45,"column":28}},"26":{"start":{"line":50,"column":0},"end":{"line":50,"column":7}}},"fnMap":{"0":{"name":"_interopRequireDefault","decl":{"start":{"line":2,"column":175},"end":{"line":2,"column":197}},"loc":{"start":{"line":2,"column":203},"end":{"line":2,"column":259}}},"1":{"name":"init","decl":{"start":{"line":9,"column":20},"end":{"line":9,"column":24}},"loc":{"start":{"line":9,"column":27},"end":{"line":14,"column":1}}},"2":{"name":"loadItems","decl":{"start":{"line":16,"column":25},"end":{"line":16,"column":34}},"loc":{"start":{"line":16,"column":37},"end":{"line":38,"column":1}}},"3":{"name":"(anonymous_3)","decl":{"start":{"line":23,"column":7},"end":{"line":23,"column":8}},"loc":{"start":{"line":23,"column":53},"end":{"line":23,"column":78}}},"4":{"name":"(anonymous_4)","decl":{"start":{"line":24,"column":7},"end":{"line":24,"column":8}},"loc":{"start":{"line":24,"column":25},"end":{"line":33,"column":3}}},"5":{"name":"(anonymous_5)","decl":{"start":{"line":34,"column":8},"end":{"line":34,"column":9}},"loc":{"start":{"line":34,"column":20},"end":{"line":37,"column":3}}},"6":{"name":"loadFromPHP","decl":{"start":{"line":40,"column":27},"end":{"line":40,"column":38}},"loc":{"start":{"line":40,"column":45},"end":{"line":48,"column":1}}}},"branchMap":{"0":{"loc":{"start":{"line":2,"column":211},"end":{"line":2,"column":257}},"type":"cond-expr","locations":[{"start":{"line":2,"column":235},"end":{"line":2,"column":238}},{"start":{"line":2,"column":241},"end":{"line":2,"column":257}}]},"1":{"loc":{"start":{"line":2,"column":211},"end":{"line":2,"column":232}},"type":"binary-expr","locations":[{"start":{"line":2,"column":211},"end":{"line":2,"column":214}},{"start":{"line":2,"column":218},"end":{"line":2,"column":232}}]},"2":{"loc":{"start":{"line":25,"column":4},"end":{"line":28,"column":5}},"type":"if","locations":[{"start":{"line":25,"column":4},"end":{"line":28,"column":5}},{"start":{"line":25,"column":4},"end":{"line":28,"column":5}}]},"3":{"loc":{"start":{"line":25,"column":8},"end":{"line":25,"column":38}},"type":"binary-expr","locations":[{"start":{"line":25,"column":8},"end":{"line":25,"column":15}},{"start":{"line":25,"column":19},"end":{"line":25,"column":38}}]},"4":{"loc":{"start":{"line":44,"column":2},"end":{"line":47,"column":3}},"type":"if","locations":[{"start":{"line":44,"column":2},"end":{"line":47,"column":3}},{"start":{"line":44,"column":2},"end":{"line":47,"column":3}}]}},"s":{"0":0,"1":0,"2":0,"3":0,"4":0,"5":0,"6":0,"7":0,"8":0,"9":0,"10":0,"11":0,"12":0,"13":0,"14":0,"15":0,"16":0,"17":0,"18":0,"19":0,"20":0,"21":0,"22":0,"23":0,"24":0,"25":0,"26":0},"f":{"0":0,"1":0,"2":0,"3":0,"4":0,"5":0,"6":0},"b":{"0":[0,0],"1":[0,0],"2":[0,0],"3":[0,0],"4":[0,0]}}
,"/Developer/sites/cod/W6/P2_game/src/js/classes/Game.js": {"path":"/Developer/sites/cod/W6/P2_game/src/js/classes/Game.js","statementMap":{"0":{"start":{"line":1,"column":39},"end":{"line":1,"column":101}},"1":{"start":{"line":5,"column":199},"end":{"line":5,"column":253}},"2":{"start":{"line":5,"column":303},"end":{"line":5,"column":402}},"3":{"start":{"line":5,"column":344},"end":{"line":5,"column":401}},"4":{"start":{"line":5,"column":452},"end":{"line":5,"column":551}},"5":{"start":{"line":5,"column":464},"end":{"line":5,"column":550}},"6":{"start":{"line":5,"column":551},"end":{"line":5,"column":637}},"7":{"start":{"line":5,"column":680},"end":{"line":5,"column":843}},"8":{"start":{"line":5,"column":742},"end":{"line":5,"column":842}},"9":{"start":{"line":5,"column":843},"end":{"line":5,"column":1007}},"10":{"start":{"line":5,"column":1007},"end":{"line":5,"column":1125}},"11":{"start":{"line":5,"column":1023},"end":{"line":5,"column":1125}},"12":{"start":{"line":7,"column":7},"end":{"line":17,"column":29}},"13":{"start":{"line":7,"column":32},"end":{"line":7,"column":62}},"14":{"start":{"line":8,"column":111},"end":{"line":9,"column":69}},"15":{"start":{"line":17,"column":3},"end":{"line":17,"column":15}}},"fnMap":{"0":{"name":"_interopRequireDefault","decl":{"start":{"line":5,"column":170},"end":{"line":5,"column":192}},"loc":{"start":{"line":5,"column":198},"end":{"line":5,"column":254}}},"1":{"name":"_classCallCheck","decl":{"start":{"line":5,"column":263},"end":{"line":5,"column":278}},"loc":{"start":{"line":5,"column":302},"end":{"line":5,"column":403}}},"2":{"name":"_possibleConstructorReturn","decl":{"start":{"line":5,"column":412},"end":{"line":5,"column":438}},"loc":{"start":{"line":5,"column":451},"end":{"line":5,"column":638}}},"3":{"name":"_inherits","decl":{"start":{"line":5,"column":647},"end":{"line":5,"column":656}},"loc":{"start":{"line":5,"column":679},"end":{"line":5,"column":1126}}},"4":{"name":"(anonymous_4)","decl":{"start":{"line":7,"column":7},"end":{"line":7,"column":8}},"loc":{"start":{"line":7,"column":31},"end":{"line":17,"column":16}}},"5":{"name":"Game","decl":{"start":{"line":8,"column":37},"end":{"line":8,"column":41}},"loc":{"start":{"line":8,"column":44},"end":{"line":17,"column":3}}}},"branchMap":{"0":{"loc":{"start":{"line":5,"column":206},"end":{"line":5,"column":252}},"type":"cond-expr","locations":[{"start":{"line":5,"column":230},"end":{"line":5,"column":233}},{"start":{"line":5,"column":236},"end":{"line":5,"column":252}}]},"1":{"loc":{"start":{"line":5,"column":206},"end":{"line":5,"column":227}},"type":"binary-expr","locations":[{"start":{"line":5,"column":206},"end":{"line":5,"column":209}},{"start":{"line":5,"column":213},"end":{"line":5,"column":227}}]},"2":{"loc":{"start":{"line":5,"column":303},"end":{"line":5,"column":402}},"type":"if","locations":[{"start":{"line":5,"column":303},"end":{"line":5,"column":402}},{"start":{"line":5,"column":303},"end":{"line":5,"column":402}}]},"3":{"loc":{"start":{"line":5,"column":452},"end":{"line":5,"column":551}},"type":"if","locations":[{"start":{"line":5,"column":452},"end":{"line":5,"column":551}},{"start":{"line":5,"column":452},"end":{"line":5,"column":551}}]},"4":{"loc":{"start":{"line":5,"column":558},"end":{"line":5,"column":636}},"type":"cond-expr","locations":[{"start":{"line":5,"column":625},"end":{"line":5,"column":629}},{"start":{"line":5,"column":632},"end":{"line":5,"column":636}}]},"5":{"loc":{"start":{"line":5,"column":558},"end":{"line":5,"column":622}},"type":"binary-expr","locations":[{"start":{"line":5,"column":558},"end":{"line":5,"column":562}},{"start":{"line":5,"column":567},"end":{"line":5,"column":591}},{"start":{"line":5,"column":595},"end":{"line":5,"column":621}}]},"6":{"loc":{"start":{"line":5,"column":680},"end":{"line":5,"column":843}},"type":"if","locations":[{"start":{"line":5,"column":680},"end":{"line":5,"column":843}},{"start":{"line":5,"column":680},"end":{"line":5,"column":843}}]},"7":{"loc":{"start":{"line":5,"column":684},"end":{"line":5,"column":739}},"type":"binary-expr","locations":[{"start":{"line":5,"column":684},"end":{"line":5,"column":716}},{"start":{"line":5,"column":720},"end":{"line":5,"column":739}}]},"8":{"loc":{"start":{"line":5,"column":878},"end":{"line":5,"column":912}},"type":"binary-expr","locations":[{"start":{"line":5,"column":878},"end":{"line":5,"column":888}},{"start":{"line":5,"column":892},"end":{"line":5,"column":912}}]},"9":{"loc":{"start":{"line":5,"column":1007},"end":{"line":5,"column":1125}},"type":"if","locations":[{"start":{"line":5,"column":1007},"end":{"line":5,"column":1125}},{"start":{"line":5,"column":1007},"end":{"line":5,"column":1125}}]},"10":{"loc":{"start":{"line":5,"column":1023},"end":{"line":5,"column":1124}},"type":"cond-expr","locations":[{"start":{"line":5,"column":1047},"end":{"line":5,"column":1090}},{"start":{"line":5,"column":1093},"end":{"line":5,"column":1124}}]},"11":{"loc":{"start":{"line":8,"column":145},"end":{"line":8,"column":190}},"type":"binary-expr","locations":[{"start":{"line":8,"column":145},"end":{"line":8,"column":159}},{"start":{"line":8,"column":163},"end":{"line":8,"column":190}}]}},"s":{"0":0,"1":0,"2":0,"3":0,"4":0,"5":0,"6":0,"7":0,"8":0,"9":0,"10":0,"11":0,"12":0,"13":0,"14":0,"15":0},"f":{"0":0,"1":0,"2":0,"3":0,"4":0,"5":0},"b":{"0":[0,0],"1":[0,0],"2":[0,0],"3":[0,0],"4":[0,0],"5":[0,0,0],"6":[0,0],"7":[0,0],"8":[0,0],"9":[0,0],"10":[0,0],"11":[0,0]}}
,"/Developer/sites/cod/W6/P2_game/src/js/classes/objects/Cave.js": {"path":"/Developer/sites/cod/W6/P2_game/src/js/classes/objects/Cave.js","statementMap":{"0":{"start":{"line":1,"column":39},"end":{"line":1,"column":101}},"1":{"start":{"line":1,"column":120},"end":{"line":1,"column":649}},"2":{"start":{"line":1,"column":175},"end":{"line":1,"column":440}},"3":{"start":{"line":1,"column":232},"end":{"line":1,"column":240}},"4":{"start":{"line":1,"column":241},"end":{"line":1,"column":296}},"5":{"start":{"line":1,"column":296},"end":{"line":1,"column":327}},"6":{"start":{"line":1,"column":327},"end":{"line":1,"column":381}},"7":{"start":{"line":1,"column":354},"end":{"line":1,"column":381}},"8":{"start":{"line":1,"column":381},"end":{"line":1,"column":439}},"9":{"start":{"line":1,"column":441},"end":{"line":1,"column":646}},"10":{"start":{"line":1,"column":497},"end":{"line":1,"column":565}},"11":{"start":{"line":1,"column":513},"end":{"line":1,"column":565}},"12":{"start":{"line":1,"column":565},"end":{"line":1,"column":625}},"13":{"start":{"line":1,"column":582},"end":{"line":1,"column":625}},"14":{"start":{"line":1,"column":625},"end":{"line":1,"column":644}},"15":{"start":{"line":1,"column":699},"end":{"line":1,"column":798}},"16":{"start":{"line":1,"column":740},"end":{"line":1,"column":797}},"17":{"start":{"line":1,"column":848},"end":{"line":1,"column":947}},"18":{"start":{"line":1,"column":860},"end":{"line":1,"column":946}},"19":{"start":{"line":1,"column":947},"end":{"line":1,"column":1033}},"20":{"start":{"line":1,"column":1076},"end":{"line":1,"column":1239}},"21":{"start":{"line":1,"column":1138},"end":{"line":1,"column":1238}},"22":{"start":{"line":1,"column":1239},"end":{"line":1,"column":1403}},"23":{"start":{"line":1,"column":1403},"end":{"line":1,"column":1521}},"24":{"start":{"line":1,"column":1419},"end":{"line":1,"column":1521}},"25":{"start":{"line":1,"column":1533},"end":{"line":19,"column":38}},"26":{"start":{"line":1,"column":1560},"end":{"line":1,"column":1592}},"27":{"start":{"line":2,"column":128},"end":{"line":3,"column":31}},"28":{"start":{"line":7,"column":3},"end":{"line":19,"column":10}},"29":{"start":{"line":10,"column":20},"end":{"line":10,"column":84}},"30":{"start":{"line":11,"column":6},"end":{"line":11,"column":65}},"31":{"start":{"line":15,"column":6},"end":{"line":15,"column":17}},"32":{"start":{"line":16,"column":6},"end":{"line":16,"column":17}},"33":{"start":{"line":18,"column":6},"end":{"line":18,"column":40}},"34":{"start":{"line":19,"column":10},"end":{"line":19,"column":22}}},"fnMap":{"0":{"name":"(anonymous_0)","decl":{"start":{"line":1,"column":120},"end":{"line":1,"column":121}},"loc":{"start":{"line":1,"column":132},"end":{"line":1,"column":647}}},"1":{"name":"defineProperties","decl":{"start":{"line":1,"column":142},"end":{"line":1,"column":158}},"loc":{"start":{"line":1,"column":174},"end":{"line":1,"column":441}}},"2":{"name":"(anonymous_2)","decl":{"start":{"line":1,"column":448},"end":{"line":1,"column":449}},"loc":{"start":{"line":1,"column":496},"end":{"line":1,"column":645}}},"3":{"name":"_classCallCheck","decl":{"start":{"line":1,"column":659},"end":{"line":1,"column":674}},"loc":{"start":{"line":1,"column":698},"end":{"line":1,"column":799}}},"4":{"name":"_possibleConstructorReturn","decl":{"start":{"line":1,"column":808},"end":{"line":1,"column":834}},"loc":{"start":{"line":1,"column":847},"end":{"line":1,"column":1034}}},"5":{"name":"_inherits","decl":{"start":{"line":1,"column":1043},"end":{"line":1,"column":1052}},"loc":{"start":{"line":1,"column":1075},"end":{"line":1,"column":1522}}},"6":{"name":"(anonymous_6)","decl":{"start":{"line":1,"column":1533},"end":{"line":1,"column":1534}},"loc":{"start":{"line":1,"column":1559},"end":{"line":19,"column":23}}},"7":{"name":"Cave","decl":{"start":{"line":2,"column":37},"end":{"line":2,"column":41}},"loc":{"start":{"line":2,"column":61},"end":{"line":7,"column":3}}},"8":{"name":"getRandomCave","decl":{"start":{"line":7,"column":63},"end":{"line":7,"column":76}},"loc":{"start":{"line":9,"column":4},"end":{"line":12,"column":5}}},"9":{"name":"reset","decl":{"start":{"line":12,"column":41},"end":{"line":12,"column":46}},"loc":{"start":{"line":14,"column":10},"end":{"line":19,"column":5}}}},"branchMap":{"0":{"loc":{"start":{"line":1,"column":265},"end":{"line":1,"column":295}},"type":"binary-expr","locations":[{"start":{"line":1,"column":265},"end":{"line":1,"column":286}},{"start":{"line":1,"column":290},"end":{"line":1,"column":295}}]},"1":{"loc":{"start":{"line":1,"column":327},"end":{"line":1,"column":381}},"type":"if","locations":[{"start":{"line":1,"column":327},"end":{"line":1,"column":381}},{"start":{"line":1,"column":327},"end":{"line":1,"column":381}}]},"2":{"loc":{"start":{"line":1,"column":497},"end":{"line":1,"column":565}},"type":"if","locations":[{"start":{"line":1,"column":497},"end":{"line":1,"column":565}},{"start":{"line":1,"column":497},"end":{"line":1,"column":565}}]},"3":{"loc":{"start":{"line":1,"column":565},"end":{"line":1,"column":625}},"type":"if","locations":[{"start":{"line":1,"column":565},"end":{"line":1,"column":625}},{"start":{"line":1,"column":565},"end":{"line":1,"column":625}}]},"4":{"loc":{"start":{"line":1,"column":699},"end":{"line":1,"column":798}},"type":"if","locations":[{"start":{"line":1,"column":699},"end":{"line":1,"column":798}},{"start":{"line":1,"column":699},"end":{"line":1,"column":798}}]},"5":{"loc":{"start":{"line":1,"column":848},"end":{"line":1,"column":947}},"type":"if","locations":[{"start":{"line":1,"column":848},"end":{"line":1,"column":947}},{"start":{"line":1,"column":848},"end":{"line":1,"column":947}}]},"6":{"loc":{"start":{"line":1,"column":954},"end":{"line":1,"column":1032}},"type":"cond-expr","locations":[{"start":{"line":1,"column":1021},"end":{"line":1,"column":1025}},{"start":{"line":1,"column":1028},"end":{"line":1,"column":1032}}]},"7":{"loc":{"start":{"line":1,"column":954},"end":{"line":1,"column":1018}},"type":"binary-expr","locations":[{"start":{"line":1,"column":954},"end":{"line":1,"column":958}},{"start":{"line":1,"column":963},"end":{"line":1,"column":987}},{"start":{"line":1,"column":991},"end":{"line":1,"column":1017}}]},"8":{"loc":{"start":{"line":1,"column":1076},"end":{"line":1,"column":1239}},"type":"if","locations":[{"start":{"line":1,"column":1076},"end":{"line":1,"column":1239}},{"start":{"line":1,"column":1076},"end":{"line":1,"column":1239}}]},"9":{"loc":{"start":{"line":1,"column":1080},"end":{"line":1,"column":1135}},"type":"binary-expr","locations":[{"start":{"line":1,"column":1080},"end":{"line":1,"column":1112}},{"start":{"line":1,"column":1116},"end":{"line":1,"column":1135}}]},"10":{"loc":{"start":{"line":1,"column":1274},"end":{"line":1,"column":1308}},"type":"binary-expr","locations":[{"start":{"line":1,"column":1274},"end":{"line":1,"column":1284}},{"start":{"line":1,"column":1288},"end":{"line":1,"column":1308}}]},"11":{"loc":{"start":{"line":1,"column":1403},"end":{"line":1,"column":1521}},"type":"if","locations":[{"start":{"line":1,"column":1403},"end":{"line":1,"column":1521}},{"start":{"line":1,"column":1403},"end":{"line":1,"column":1521}}]},"12":{"loc":{"start":{"line":1,"column":1419},"end":{"line":1,"column":1520}},"type":"cond-expr","locations":[{"start":{"line":1,"column":1443},"end":{"line":1,"column":1486}},{"start":{"line":1,"column":1489},"end":{"line":1,"column":1520}}]},"13":{"loc":{"start":{"line":2,"column":162},"end":{"line":2,"column":207}},"type":"binary-expr","locations":[{"start":{"line":2,"column":162},"end":{"line":2,"column":176}},{"start":{"line":2,"column":180},"end":{"line":2,"column":207}}]}},"s":{"0":0,"1":0,"2":0,"3":0,"4":0,"5":0,"6":0,"7":0,"8":0,"9":0,"10":0,"11":0,"12":0,"13":0,"14":0,"15":0,"16":0,"17":0,"18":0,"19":0,"20":0,"21":0,"22":0,"23":0,"24":0,"25":0,"26":0,"27":0,"28":0,"29":0,"30":0,"31":0,"32":0,"33":0,"34":0},"f":{"0":0,"1":0,"2":0,"3":0,"4":0,"5":0,"6":0,"7":0,"8":0,"9":0},"b":{"0":[0,0],"1":[0,0],"2":[0,0],"3":[0,0],"4":[0,0],"5":[0,0],"6":[0,0],"7":[0,0,0],"8":[0,0],"9":[0,0],"10":[0,0],"11":[0,0],"12":[0,0],"13":[0,0]}}
,"/Developer/sites/cod/W6/P2_game/src/js/classes/objects/Chicken.js": {"path":"/Developer/sites/cod/W6/P2_game/src/js/classes/objects/Chicken.js","statementMap":{"0":{"start":{"line":1,"column":39},"end":{"line":1,"column":101}},"1":{"start":{"line":1,"column":120},"end":{"line":1,"column":649}},"2":{"start":{"line":1,"column":175},"end":{"line":1,"column":440}},"3":{"start":{"line":1,"column":232},"end":{"line":1,"column":240}},"4":{"start":{"line":1,"column":241},"end":{"line":1,"column":296}},"5":{"start":{"line":1,"column":296},"end":{"line":1,"column":327}},"6":{"start":{"line":1,"column":327},"end":{"line":1,"column":381}},"7":{"start":{"line":1,"column":354},"end":{"line":1,"column":381}},"8":{"start":{"line":1,"column":381},"end":{"line":1,"column":439}},"9":{"start":{"line":1,"column":441},"end":{"line":1,"column":646}},"10":{"start":{"line":1,"column":497},"end":{"line":1,"column":565}},"11":{"start":{"line":1,"column":513},"end":{"line":1,"column":565}},"12":{"start":{"line":1,"column":565},"end":{"line":1,"column":625}},"13":{"start":{"line":1,"column":582},"end":{"line":1,"column":625}},"14":{"start":{"line":1,"column":625},"end":{"line":1,"column":644}},"15":{"start":{"line":1,"column":699},"end":{"line":1,"column":798}},"16":{"start":{"line":1,"column":740},"end":{"line":1,"column":797}},"17":{"start":{"line":1,"column":848},"end":{"line":1,"column":947}},"18":{"start":{"line":1,"column":860},"end":{"line":1,"column":946}},"19":{"start":{"line":1,"column":947},"end":{"line":1,"column":1033}},"20":{"start":{"line":1,"column":1076},"end":{"line":1,"column":1239}},"21":{"start":{"line":1,"column":1138},"end":{"line":1,"column":1238}},"22":{"start":{"line":1,"column":1239},"end":{"line":1,"column":1403}},"23":{"start":{"line":1,"column":1403},"end":{"line":1,"column":1521}},"24":{"start":{"line":1,"column":1419},"end":{"line":1,"column":1521}},"25":{"start":{"line":1,"column":1536},"end":{"line":54,"column":41}},"26":{"start":{"line":1,"column":1563},"end":{"line":1,"column":1598}},"27":{"start":{"line":2,"column":127},"end":{"line":3,"column":27}},"28":{"start":{"line":7,"column":4},"end":{"line":7,"column":69}},"29":{"start":{"line":11,"column":3},"end":{"line":54,"column":10}},"30":{"start":{"line":14,"column":6},"end":{"line":14,"column":27}},"31":{"start":{"line":18,"column":19},"end":{"line":18,"column":41}},"32":{"start":{"line":19,"column":6},"end":{"line":27,"column":7}},"33":{"start":{"line":20,"column":8},"end":{"line":20,"column":30}},"34":{"start":{"line":21,"column":8},"end":{"line":21,"column":42}},"35":{"start":{"line":22,"column":8},"end":{"line":22,"column":33}},"36":{"start":{"line":24,"column":8},"end":{"line":24,"column":31}},"37":{"start":{"line":25,"column":8},"end":{"line":25,"column":41}},"38":{"start":{"line":26,"column":8},"end":{"line":26,"column":34}},"39":{"start":{"line":35,"column":6},"end":{"line":35,"column":28}},"40":{"start":{"line":39,"column":6},"end":{"line":39,"column":62}},"41":{"start":{"line":43,"column":6},"end":{"line":43,"column":26}},"42":{"start":{"line":44,"column":6},"end":{"line":44,"column":27}},"43":{"start":{"line":48,"column":6},"end":{"line":48,"column":25}},"44":{"start":{"line":49,"column":6},"end":{"line":49,"column":26}},"45":{"start":{"line":50,"column":6},"end":{"line":50,"column":17}},"46":{"start":{"line":51,"column":6},"end":{"line":51,"column":17}},"47":{"start":{"line":52,"column":6},"end":{"line":52,"column":18}},"48":{"start":{"line":53,"column":6},"end":{"line":53,"column":26}},"49":{"start":{"line":54,"column":10},"end":{"line":54,"column":25}}},"fnMap":{"0":{"name":"(anonymous_0)","decl":{"start":{"line":1,"column":120},"end":{"line":1,"column":121}},"loc":{"start":{"line":1,"column":132},"end":{"line":1,"column":647}}},"1":{"name":"defineProperties","decl":{"start":{"line":1,"column":142},"end":{"line":1,"column":158}},"loc":{"start":{"line":1,"column":174},"end":{"line":1,"column":441}}},"2":{"name":"(anonymous_2)","decl":{"start":{"line":1,"column":448},"end":{"line":1,"column":449}},"loc":{"start":{"line":1,"column":496},"end":{"line":1,"column":645}}},"3":{"name":"_classCallCheck","decl":{"start":{"line":1,"column":659},"end":{"line":1,"column":674}},"loc":{"start":{"line":1,"column":698},"end":{"line":1,"column":799}}},"4":{"name":"_possibleConstructorReturn","decl":{"start":{"line":1,"column":808},"end":{"line":1,"column":834}},"loc":{"start":{"line":1,"column":847},"end":{"line":1,"column":1034}}},"5":{"name":"_inherits","decl":{"start":{"line":1,"column":1043},"end":{"line":1,"column":1052}},"loc":{"start":{"line":1,"column":1075},"end":{"line":1,"column":1522}}},"6":{"name":"(anonymous_6)","decl":{"start":{"line":1,"column":1536},"end":{"line":1,"column":1537}},"loc":{"start":{"line":1,"column":1562},"end":{"line":54,"column":26}}},"7":{"name":"Chicken","decl":{"start":{"line":2,"column":37},"end":{"line":2,"column":44}},"loc":{"start":{"line":2,"column":57},"end":{"line":11,"column":3}}},"8":{"name":"getRandomNumber","decl":{"start":{"line":11,"column":68},"end":{"line":11,"column":83}},"loc":{"start":{"line":13,"column":4},"end":{"line":15,"column":5}}},"9":{"name":"setDirection","decl":{"start":{"line":15,"column":48},"end":{"line":15,"column":60}},"loc":{"start":{"line":17,"column":4},"end":{"line":28,"column":5}}},"10":{"name":"hasScored","decl":{"start":{"line":28,"column":45},"end":{"line":28,"column":54}},"loc":{"start":{"line":30,"column":4},"end":{"line":32,"column":5}}},"11":{"name":"getDirection","decl":{"start":{"line":32,"column":48},"end":{"line":32,"column":60}},"loc":{"start":{"line":34,"column":4},"end":{"line":36,"column":5}}},"12":{"name":"move","decl":{"start":{"line":36,"column":40},"end":{"line":36,"column":44}},"loc":{"start":{"line":38,"column":4},"end":{"line":40,"column":5}}},"13":{"name":"kill","decl":{"start":{"line":40,"column":40},"end":{"line":40,"column":44}},"loc":{"start":{"line":42,"column":4},"end":{"line":45,"column":5}}},"14":{"name":"revive","decl":{"start":{"line":45,"column":42},"end":{"line":45,"column":48}},"loc":{"start":{"line":47,"column":10},"end":{"line":54,"column":5}}}},"branchMap":{"0":{"loc":{"start":{"line":1,"column":265},"end":{"line":1,"column":295}},"type":"binary-expr","locations":[{"start":{"line":1,"column":265},"end":{"line":1,"column":286}},{"start":{"line":1,"column":290},"end":{"line":1,"column":295}}]},"1":{"loc":{"start":{"line":1,"column":327},"end":{"line":1,"column":381}},"type":"if","locations":[{"start":{"line":1,"column":327},"end":{"line":1,"column":381}},{"start":{"line":1,"column":327},"end":{"line":1,"column":381}}]},"2":{"loc":{"start":{"line":1,"column":497},"end":{"line":1,"column":565}},"type":"if","locations":[{"start":{"line":1,"column":497},"end":{"line":1,"column":565}},{"start":{"line":1,"column":497},"end":{"line":1,"column":565}}]},"3":{"loc":{"start":{"line":1,"column":565},"end":{"line":1,"column":625}},"type":"if","locations":[{"start":{"line":1,"column":565},"end":{"line":1,"column":625}},{"start":{"line":1,"column":565},"end":{"line":1,"column":625}}]},"4":{"loc":{"start":{"line":1,"column":699},"end":{"line":1,"column":798}},"type":"if","locations":[{"start":{"line":1,"column":699},"end":{"line":1,"column":798}},{"start":{"line":1,"column":699},"end":{"line":1,"column":798}}]},"5":{"loc":{"start":{"line":1,"column":848},"end":{"line":1,"column":947}},"type":"if","locations":[{"start":{"line":1,"column":848},"end":{"line":1,"column":947}},{"start":{"line":1,"column":848},"end":{"line":1,"column":947}}]},"6":{"loc":{"start":{"line":1,"column":954},"end":{"line":1,"column":1032}},"type":"cond-expr","locations":[{"start":{"line":1,"column":1021},"end":{"line":1,"column":1025}},{"start":{"line":1,"column":1028},"end":{"line":1,"column":1032}}]},"7":{"loc":{"start":{"line":1,"column":954},"end":{"line":1,"column":1018}},"type":"binary-expr","locations":[{"start":{"line":1,"column":954},"end":{"line":1,"column":958}},{"start":{"line":1,"column":963},"end":{"line":1,"column":987}},{"start":{"line":1,"column":991},"end":{"line":1,"column":1017}}]},"8":{"loc":{"start":{"line":1,"column":1076},"end":{"line":1,"column":1239}},"type":"if","locations":[{"start":{"line":1,"column":1076},"end":{"line":1,"column":1239}},{"start":{"line":1,"column":1076},"end":{"line":1,"column":1239}}]},"9":{"loc":{"start":{"line":1,"column":1080},"end":{"line":1,"column":1135}},"type":"binary-expr","locations":[{"start":{"line":1,"column":1080},"end":{"line":1,"column":1112}},{"start":{"line":1,"column":1116},"end":{"line":1,"column":1135}}]},"10":{"loc":{"start":{"line":1,"column":1274},"end":{"line":1,"column":1308}},"type":"binary-expr","locations":[{"start":{"line":1,"column":1274},"end":{"line":1,"column":1284}},{"start":{"line":1,"column":1288},"end":{"line":1,"column":1308}}]},"11":{"loc":{"start":{"line":1,"column":1403},"end":{"line":1,"column":1521}},"type":"if","locations":[{"start":{"line":1,"column":1403},"end":{"line":1,"column":1521}},{"start":{"line":1,"column":1403},"end":{"line":1,"column":1521}}]},"12":{"loc":{"start":{"line":1,"column":1419},"end":{"line":1,"column":1520}},"type":"cond-expr","locations":[{"start":{"line":1,"column":1443},"end":{"line":1,"column":1486}},{"start":{"line":1,"column":1489},"end":{"line":1,"column":1520}}]},"13":{"loc":{"start":{"line":2,"column":161},"end":{"line":2,"column":212}},"type":"binary-expr","locations":[{"start":{"line":2,"column":161},"end":{"line":2,"column":178}},{"start":{"line":2,"column":182},"end":{"line":2,"column":212}}]},"14":{"loc":{"start":{"line":19,"column":6},"end":{"line":27,"column":7}},"type":"if","locations":[{"start":{"line":19,"column":6},"end":{"line":27,"column":7}},{"start":{"line":19,"column":6},"end":{"line":27,"column":7}}]}},"s":{"0":0,"1":0,"2":0,"3":0,"4":0,"5":0,"6":0,"7":0,"8":0,"9":0,"10":0,"11":0,"12":0,"13":0,"14":0,"15":0,"16":0,"17":0,"18":0,"19":0,"20":0,"21":0,"22":0,"23":0,"24":0,"25":0,"26":0,"27":0,"28":0,"29":0,"30":0,"31":0,"32":0,"33":0,"34":0,"35":0,"36":0,"37":0,"38":0,"39":0,"40":0,"41":0,"42":0,"43":0,"44":0,"45":0,"46":0,"47":0,"48":0,"49":0},"f":{"0":0,"1":0,"2":0,"3":0,"4":0,"5":0,"6":0,"7":0,"8":0,"9":0,"10":0,"11":0,"12":0,"13":0,"14":0},"b":{"0":[0,0],"1":[0,0],"2":[0,0],"3":[0,0],"4":[0,0],"5":[0,0],"6":[0,0],"7":[0,0,0],"8":[0,0],"9":[0,0],"10":[0,0],"11":[0,0],"12":[0,0],"13":[0,0],"14":[0,0]}}
,"/Developer/sites/cod/W6/P2_game/src/js/classes/objects/Fox.js": {"path":"/Developer/sites/cod/W6/P2_game/src/js/classes/objects/Fox.js","statementMap":{"0":{"start":{"line":1,"column":39},"end":{"line":1,"column":101}},"1":{"start":{"line":1,"column":120},"end":{"line":1,"column":649}},"2":{"start":{"line":1,"column":175},"end":{"line":1,"column":440}},"3":{"start":{"line":1,"column":232},"end":{"line":1,"column":240}},"4":{"start":{"line":1,"column":241},"end":{"line":1,"column":296}},"5":{"start":{"line":1,"column":296},"end":{"line":1,"column":327}},"6":{"start":{"line":1,"column":327},"end":{"line":1,"column":381}},"7":{"start":{"line":1,"column":354},"end":{"line":1,"column":381}},"8":{"start":{"line":1,"column":381},"end":{"line":1,"column":439}},"9":{"start":{"line":1,"column":441},"end":{"line":1,"column":646}},"10":{"start":{"line":1,"column":497},"end":{"line":1,"column":565}},"11":{"start":{"line":1,"column":513},"end":{"line":1,"column":565}},"12":{"start":{"line":1,"column":565},"end":{"line":1,"column":625}},"13":{"start":{"line":1,"column":582},"end":{"line":1,"column":625}},"14":{"start":{"line":1,"column":625},"end":{"line":1,"column":644}},"15":{"start":{"line":1,"column":699},"end":{"line":1,"column":798}},"16":{"start":{"line":1,"column":740},"end":{"line":1,"column":797}},"17":{"start":{"line":1,"column":848},"end":{"line":1,"column":947}},"18":{"start":{"line":1,"column":860},"end":{"line":1,"column":946}},"19":{"start":{"line":1,"column":947},"end":{"line":1,"column":1033}},"20":{"start":{"line":1,"column":1076},"end":{"line":1,"column":1239}},"21":{"start":{"line":1,"column":1138},"end":{"line":1,"column":1238}},"22":{"start":{"line":1,"column":1239},"end":{"line":1,"column":1403}},"23":{"start":{"line":1,"column":1403},"end":{"line":1,"column":1521}},"24":{"start":{"line":1,"column":1419},"end":{"line":1,"column":1521}},"25":{"start":{"line":1,"column":1532},"end":{"line":32,"column":37}},"26":{"start":{"line":1,"column":1559},"end":{"line":1,"column":1590}},"27":{"start":{"line":3,"column":119},"end":{"line":4,"column":23}},"28":{"start":{"line":14,"column":4},"end":{"line":14,"column":69}},"29":{"start":{"line":19,"column":3},"end":{"line":32,"column":10}},"30":{"start":{"line":22,"column":6},"end":{"line":22,"column":35}},"31":{"start":{"line":23,"column":6},"end":{"line":23,"column":93}},"32":{"start":{"line":27,"column":6},"end":{"line":27,"column":43}},"33":{"start":{"line":31,"column":6},"end":{"line":31,"column":61}},"34":{"start":{"line":32,"column":10},"end":{"line":32,"column":21}}},"fnMap":{"0":{"name":"(anonymous_0)","decl":{"start":{"line":1,"column":120},"end":{"line":1,"column":121}},"loc":{"start":{"line":1,"column":132},"end":{"line":1,"column":647}}},"1":{"name":"defineProperties","decl":{"start":{"line":1,"column":142},"end":{"line":1,"column":158}},"loc":{"start":{"line":1,"column":174},"end":{"line":1,"column":441}}},"2":{"name":"(anonymous_2)","decl":{"start":{"line":1,"column":448},"end":{"line":1,"column":449}},"loc":{"start":{"line":1,"column":496},"end":{"line":1,"column":645}}},"3":{"name":"_classCallCheck","decl":{"start":{"line":1,"column":659},"end":{"line":1,"column":674}},"loc":{"start":{"line":1,"column":698},"end":{"line":1,"column":799}}},"4":{"name":"_possibleConstructorReturn","decl":{"start":{"line":1,"column":808},"end":{"line":1,"column":834}},"loc":{"start":{"line":1,"column":847},"end":{"line":1,"column":1034}}},"5":{"name":"_inherits","decl":{"start":{"line":1,"column":1043},"end":{"line":1,"column":1052}},"loc":{"start":{"line":1,"column":1075},"end":{"line":1,"column":1522}}},"6":{"name":"(anonymous_6)","decl":{"start":{"line":1,"column":1532},"end":{"line":1,"column":1533}},"loc":{"start":{"line":1,"column":1558},"end":{"line":32,"column":22}}},"7":{"name":"Fox","decl":{"start":{"line":3,"column":37},"end":{"line":3,"column":40}},"loc":{"start":{"line":3,"column":53},"end":{"line":19,"column":3}}},"8":{"name":"jump","decl":{"start":{"line":19,"column":53},"end":{"line":19,"column":57}},"loc":{"start":{"line":21,"column":4},"end":{"line":24,"column":5}}},"9":{"name":"fall","decl":{"start":{"line":24,"column":40},"end":{"line":24,"column":44}},"loc":{"start":{"line":26,"column":4},"end":{"line":28,"column":5}}},"10":{"name":"run","decl":{"start":{"line":28,"column":39},"end":{"line":28,"column":42}},"loc":{"start":{"line":30,"column":4},"end":{"line":32,"column":5}}}},"branchMap":{"0":{"loc":{"start":{"line":1,"column":265},"end":{"line":1,"column":295}},"type":"binary-expr","locations":[{"start":{"line":1,"column":265},"end":{"line":1,"column":286}},{"start":{"line":1,"column":290},"end":{"line":1,"column":295}}]},"1":{"loc":{"start":{"line":1,"column":327},"end":{"line":1,"column":381}},"type":"if","locations":[{"start":{"line":1,"column":327},"end":{"line":1,"column":381}},{"start":{"line":1,"column":327},"end":{"line":1,"column":381}}]},"2":{"loc":{"start":{"line":1,"column":497},"end":{"line":1,"column":565}},"type":"if","locations":[{"start":{"line":1,"column":497},"end":{"line":1,"column":565}},{"start":{"line":1,"column":497},"end":{"line":1,"column":565}}]},"3":{"loc":{"start":{"line":1,"column":565},"end":{"line":1,"column":625}},"type":"if","locations":[{"start":{"line":1,"column":565},"end":{"line":1,"column":625}},{"start":{"line":1,"column":565},"end":{"line":1,"column":625}}]},"4":{"loc":{"start":{"line":1,"column":699},"end":{"line":1,"column":798}},"type":"if","locations":[{"start":{"line":1,"column":699},"end":{"line":1,"column":798}},{"start":{"line":1,"column":699},"end":{"line":1,"column":798}}]},"5":{"loc":{"start":{"line":1,"column":848},"end":{"line":1,"column":947}},"type":"if","locations":[{"start":{"line":1,"column":848},"end":{"line":1,"column":947}},{"start":{"line":1,"column":848},"end":{"line":1,"column":947}}]},"6":{"loc":{"start":{"line":1,"column":954},"end":{"line":1,"column":1032}},"type":"cond-expr","locations":[{"start":{"line":1,"column":1021},"end":{"line":1,"column":1025}},{"start":{"line":1,"column":1028},"end":{"line":1,"column":1032}}]},"7":{"loc":{"start":{"line":1,"column":954},"end":{"line":1,"column":1018}},"type":"binary-expr","locations":[{"start":{"line":1,"column":954},"end":{"line":1,"column":958}},{"start":{"line":1,"column":963},"end":{"line":1,"column":987}},{"start":{"line":1,"column":991},"end":{"line":1,"column":1017}}]},"8":{"loc":{"start":{"line":1,"column":1076},"end":{"line":1,"column":1239}},"type":"if","locations":[{"start":{"line":1,"column":1076},"end":{"line":1,"column":1239}},{"start":{"line":1,"column":1076},"end":{"line":1,"column":1239}}]},"9":{"loc":{"start":{"line":1,"column":1080},"end":{"line":1,"column":1135}},"type":"binary-expr","locations":[{"start":{"line":1,"column":1080},"end":{"line":1,"column":1112}},{"start":{"line":1,"column":1116},"end":{"line":1,"column":1135}}]},"10":{"loc":{"start":{"line":1,"column":1274},"end":{"line":1,"column":1308}},"type":"binary-expr","locations":[{"start":{"line":1,"column":1274},"end":{"line":1,"column":1284}},{"start":{"line":1,"column":1288},"end":{"line":1,"column":1308}}]},"11":{"loc":{"start":{"line":1,"column":1403},"end":{"line":1,"column":1521}},"type":"if","locations":[{"start":{"line":1,"column":1403},"end":{"line":1,"column":1521}},{"start":{"line":1,"column":1403},"end":{"line":1,"column":1521}}]},"12":{"loc":{"start":{"line":1,"column":1419},"end":{"line":1,"column":1520}},"type":"cond-expr","locations":[{"start":{"line":1,"column":1443},"end":{"line":1,"column":1486}},{"start":{"line":1,"column":1489},"end":{"line":1,"column":1520}}]},"13":{"loc":{"start":{"line":3,"column":153},"end":{"line":3,"column":196}},"type":"binary-expr","locations":[{"start":{"line":3,"column":153},"end":{"line":3,"column":166}},{"start":{"line":3,"column":170},"end":{"line":3,"column":196}}]}},"s":{"0":0,"1":0,"2":0,"3":0,"4":0,"5":0,"6":0,"7":0,"8":0,"9":0,"10":0,"11":0,"12":0,"13":0,"14":0,"15":0,"16":0,"17":0,"18":0,"19":0,"20":0,"21":0,"22":0,"23":0,"24":0,"25":0,"26":0,"27":0,"28":0,"29":0,"30":0,"31":0,"32":0,"33":0,"34":0},"f":{"0":0,"1":0,"2":0,"3":0,"4":0,"5":0,"6":0,"7":0,"8":0,"9":0,"10":0},"b":{"0":[0,0],"1":[0,0],"2":[0,0],"3":[0,0],"4":[0,0],"5":[0,0],"6":[0,0],"7":[0,0,0],"8":[0,0],"9":[0,0],"10":[0,0],"11":[0,0],"12":[0,0],"13":[0,0]}}
,"/Developer/sites/cod/W6/P2_game/src/js/classes/objects/Platform.js": {"path":"/Developer/sites/cod/W6/P2_game/src/js/classes/objects/Platform.js","statementMap":{"0":{"start":{"line":1,"column":39},"end":{"line":1,"column":101}},"1":{"start":{"line":1,"column":150},"end":{"line":1,"column":249}},"2":{"start":{"line":1,"column":191},"end":{"line":1,"column":248}},"3":{"start":{"line":1,"column":299},"end":{"line":1,"column":398}},"4":{"start":{"line":1,"column":311},"end":{"line":1,"column":397}},"5":{"start":{"line":1,"column":398},"end":{"line":1,"column":484}},"6":{"start":{"line":1,"column":527},"end":{"line":1,"column":690}},"7":{"start":{"line":1,"column":589},"end":{"line":1,"column":689}},"8":{"start":{"line":1,"column":690},"end":{"line":1,"column":854}},"9":{"start":{"line":1,"column":854},"end":{"line":1,"column":972}},"10":{"start":{"line":1,"column":870},"end":{"line":1,"column":972}},"11":{"start":{"line":1,"column":988},"end":{"line":10,"column":35}},"12":{"start":{"line":1,"column":1015},"end":{"line":1,"column":1051}},"13":{"start":{"line":2,"column":136},"end":{"line":3,"column":35}},"14":{"start":{"line":6,"column":4},"end":{"line":6,"column":69}},"15":{"start":{"line":10,"column":3},"end":{"line":10,"column":19}}},"fnMap":{"0":{"name":"_classCallCheck","decl":{"start":{"line":1,"column":110},"end":{"line":1,"column":125}},"loc":{"start":{"line":1,"column":149},"end":{"line":1,"column":250}}},"1":{"name":"_possibleConstructorReturn","decl":{"start":{"line":1,"column":259},"end":{"line":1,"column":285}},"loc":{"start":{"line":1,"column":298},"end":{"line":1,"column":485}}},"2":{"name":"_inherits","decl":{"start":{"line":1,"column":494},"end":{"line":1,"column":503}},"loc":{"start":{"line":1,"column":526},"end":{"line":1,"column":973}}},"3":{"name":"(anonymous_3)","decl":{"start":{"line":1,"column":988},"end":{"line":1,"column":989}},"loc":{"start":{"line":1,"column":1014},"end":{"line":10,"column":20}}},"4":{"name":"Platform","decl":{"start":{"line":2,"column":37},"end":{"line":2,"column":45}},"loc":{"start":{"line":2,"column":65},"end":{"line":10,"column":3}}}},"branchMap":{"0":{"loc":{"start":{"line":1,"column":150},"end":{"line":1,"column":249}},"type":"if","locations":[{"start":{"line":1,"column":150},"end":{"line":1,"column":249}},{"start":{"line":1,"column":150},"end":{"line":1,"column":249}}]},"1":{"loc":{"start":{"line":1,"column":299},"end":{"line":1,"column":398}},"type":"if","locations":[{"start":{"line":1,"column":299},"end":{"line":1,"column":398}},{"start":{"line":1,"column":299},"end":{"line":1,"column":398}}]},"2":{"loc":{"start":{"line":1,"column":405},"end":{"line":1,"column":483}},"type":"cond-expr","locations":[{"start":{"line":1,"column":472},"end":{"line":1,"column":476}},{"start":{"line":1,"column":479},"end":{"line":1,"column":483}}]},"3":{"loc":{"start":{"line":1,"column":405},"end":{"line":1,"column":469}},"type":"binary-expr","locations":[{"start":{"line":1,"column":405},"end":{"line":1,"column":409}},{"start":{"line":1,"column":414},"end":{"line":1,"column":438}},{"start":{"line":1,"column":442},"end":{"line":1,"column":468}}]},"4":{"loc":{"start":{"line":1,"column":527},"end":{"line":1,"column":690}},"type":"if","locations":[{"start":{"line":1,"column":527},"end":{"line":1,"column":690}},{"start":{"line":1,"column":527},"end":{"line":1,"column":690}}]},"5":{"loc":{"start":{"line":1,"column":531},"end":{"line":1,"column":586}},"type":"binary-expr","locations":[{"start":{"line":1,"column":531},"end":{"line":1,"column":563}},{"start":{"line":1,"column":567},"end":{"line":1,"column":586}}]},"6":{"loc":{"start":{"line":1,"column":725},"end":{"line":1,"column":759}},"type":"binary-expr","locations":[{"start":{"line":1,"column":725},"end":{"line":1,"column":735}},{"start":{"line":1,"column":739},"end":{"line":1,"column":759}}]},"7":{"loc":{"start":{"line":1,"column":854},"end":{"line":1,"column":972}},"type":"if","locations":[{"start":{"line":1,"column":854},"end":{"line":1,"column":972}},{"start":{"line":1,"column":854},"end":{"line":1,"column":972}}]},"8":{"loc":{"start":{"line":1,"column":870},"end":{"line":1,"column":971}},"type":"cond-expr","locations":[{"start":{"line":1,"column":894},"end":{"line":1,"column":937}},{"start":{"line":1,"column":940},"end":{"line":1,"column":971}}]},"9":{"loc":{"start":{"line":2,"column":170},"end":{"line":2,"column":223}},"type":"binary-expr","locations":[{"start":{"line":2,"column":170},"end":{"line":2,"column":188}},{"start":{"line":2,"column":192},"end":{"line":2,"column":223}}]}},"s":{"0":0,"1":0,"2":0,"3":0,"4":0,"5":0,"6":0,"7":0,"8":0,"9":0,"10":0,"11":0,"12":0,"13":0,"14":0,"15":0},"f":{"0":0,"1":0,"2":0,"3":0,"4":0},"b":{"0":[0,0],"1":[0,0],"2":[0,0],"3":[0,0,0],"4":[0,0],"5":[0,0],"6":[0,0],"7":[0,0],"8":[0,0],"9":[0,0]}}
,"/Developer/sites/cod/W6/P2_game/src/js/classes/objects/PlatformGroup.js": {"path":"/Developer/sites/cod/W6/P2_game/src/js/classes/objects/PlatformGroup.js","statementMap":{"0":{"start":{"line":1,"column":39},"end":{"line":1,"column":101}},"1":{"start":{"line":1,"column":120},"end":{"line":1,"column":649}},"2":{"start":{"line":1,"column":175},"end":{"line":1,"column":440}},"3":{"start":{"line":1,"column":232},"end":{"line":1,"column":240}},"4":{"start":{"line":1,"column":241},"end":{"line":1,"column":296}},"5":{"start":{"line":1,"column":296},"end":{"line":1,"column":327}},"6":{"start":{"line":1,"column":327},"end":{"line":1,"column":381}},"7":{"start":{"line":1,"column":354},"end":{"line":1,"column":381}},"8":{"start":{"line":1,"column":381},"end":{"line":1,"column":439}},"9":{"start":{"line":1,"column":441},"end":{"line":1,"column":646}},"10":{"start":{"line":1,"column":497},"end":{"line":1,"column":565}},"11":{"start":{"line":1,"column":513},"end":{"line":1,"column":565}},"12":{"start":{"line":1,"column":565},"end":{"line":1,"column":625}},"13":{"start":{"line":1,"column":582},"end":{"line":1,"column":625}},"14":{"start":{"line":1,"column":625},"end":{"line":1,"column":644}},"15":{"start":{"line":3,"column":176},"end":{"line":3,"column":230}},"16":{"start":{"line":3,"column":280},"end":{"line":3,"column":379}},"17":{"start":{"line":3,"column":321},"end":{"line":3,"column":378}},"18":{"start":{"line":3,"column":429},"end":{"line":3,"column":528}},"19":{"start":{"line":3,"column":441},"end":{"line":3,"column":527}},"20":{"start":{"line":3,"column":528},"end":{"line":3,"column":614}},"21":{"start":{"line":3,"column":657},"end":{"line":3,"column":820}},"22":{"start":{"line":3,"column":719},"end":{"line":3,"column":819}},"23":{"start":{"line":3,"column":820},"end":{"line":3,"column":984}},"24":{"start":{"line":3,"column":984},"end":{"line":3,"column":1102}},"25":{"start":{"line":3,"column":1000},"end":{"line":3,"column":1102}},"26":{"start":{"line":5,"column":16},"end":{"line":102,"column":46}},"27":{"start":{"line":5,"column":42},"end":{"line":5,"column":82}},"28":{"start":{"line":7,"column":251},"end":{"line":8,"column":10}},"29":{"start":{"line":10,"column":4},"end":{"line":10,"column":95}},"30":{"start":{"line":10,"column":29},"end":{"line":10,"column":95}},"31":{"start":{"line":11,"column":44},"end":{"line":11,"column":65}},"32":{"start":{"line":22,"column":3},"end":{"line":102,"column":10}},"33":{"start":{"line":25,"column":20},"end":{"line":25,"column":300}},"34":{"start":{"line":26,"column":6},"end":{"line":26,"column":65}},"35":{"start":{"line":30,"column":20},"end":{"line":30,"column":125}},"36":{"start":{"line":31,"column":6},"end":{"line":31,"column":65}},"37":{"start":{"line":35,"column":6},"end":{"line":35,"column":27}},"38":{"start":{"line":39,"column":6},"end":{"line":39,"column":26}},"39":{"start":{"line":40,"column":6},"end":{"line":42,"column":7}},"40":{"start":{"line":41,"column":8},"end":{"line":41,"column":28}},"41":{"start":{"line":43,"column":6},"end":{"line":45,"column":7}},"42":{"start":{"line":44,"column":8},"end":{"line":44,"column":25}},"43":{"start":{"line":49,"column":6},"end":{"line":49,"column":23}},"44":{"start":{"line":52,"column":24},"end":{"line":52,"column":48}},"45":{"start":{"line":53,"column":6},"end":{"line":53,"column":44}},"46":{"start":{"line":56,"column":27},"end":{"line":56,"column":109}},"47":{"start":{"line":57,"column":26},"end":{"line":57,"column":46}},"48":{"start":{"line":58,"column":27},"end":{"line":58,"column":48}},"49":{"start":{"line":59,"column":6},"end":{"line":59,"column":73}},"50":{"start":{"line":62,"column":19},"end":{"line":62,"column":41}},"51":{"start":{"line":65,"column":6},"end":{"line":68,"column":7}},"52":{"start":{"line":66,"column":19},"end":{"line":66,"column":71}},"53":{"start":{"line":67,"column":8},"end":{"line":67,"column":39}},"54":{"start":{"line":71,"column":6},"end":{"line":76,"column":7}},"55":{"start":{"line":72,"column":22},"end":{"line":72,"column":42}},"56":{"start":{"line":73,"column":20},"end":{"line":73,"column":72}},"57":{"start":{"line":74,"column":8},"end":{"line":74,"column":38}},"58":{"start":{"line":75,"column":8},"end":{"line":75,"column":38}},"59":{"start":{"line":79,"column":6},"end":{"line":79,"column":25}},"60":{"start":{"line":80,"column":6},"end":{"line":80,"column":17}},"61":{"start":{"line":81,"column":6},"end":{"line":81,"column":17}},"62":{"start":{"line":84,"column":6},"end":{"line":84,"column":27}},"63":{"start":{"line":89,"column":6},"end":{"line":100,"column":7}},"64":{"start":{"line":92,"column":27},"end":{"line":92,"column":29}},"65":{"start":{"line":93,"column":24},"end":{"line":93,"column":51}},"66":{"start":{"line":94,"column":8},"end":{"line":95,"column":39}},"67":{"start":{"line":94,"column":23},"end":{"line":94,"column":54}},"68":{"start":{"line":95,"column":8},"end":{"line":95,"column":39}},"69":{"start":{"line":98,"column":8},"end":{"line":98,"column":36}},"70":{"start":{"line":99,"column":8},"end":{"line":99,"column":88}},"71":{"start":{"line":102,"column":10},"end":{"line":102,"column":31}}},"fnMap":{"0":{"name":"(anonymous_0)","decl":{"start":{"line":1,"column":120},"end":{"line":1,"column":121}},"loc":{"start":{"line":1,"column":132},"end":{"line":1,"column":647}}},"1":{"name":"defineProperties","decl":{"start":{"line":1,"column":142},"end":{"line":1,"column":158}},"loc":{"start":{"line":1,"column":174},"end":{"line":1,"column":441}}},"2":{"name":"(anonymous_2)","decl":{"start":{"line":1,"column":448},"end":{"line":1,"column":449}},"loc":{"start":{"line":1,"column":496},"end":{"line":1,"column":645}}},"3":{"name":"_interopRequireDefault","decl":{"start":{"line":3,"column":147},"end":{"line":3,"column":169}},"loc":{"start":{"line":3,"column":175},"end":{"line":3,"column":231}}},"4":{"name":"_classCallCheck","decl":{"start":{"line":3,"column":240},"end":{"line":3,"column":255}},"loc":{"start":{"line":3,"column":279},"end":{"line":3,"column":380}}},"5":{"name":"_possibleConstructorReturn","decl":{"start":{"line":3,"column":389},"end":{"line":3,"column":415}},"loc":{"start":{"line":3,"column":428},"end":{"line":3,"column":615}}},"6":{"name":"_inherits","decl":{"start":{"line":3,"column":624},"end":{"line":3,"column":633}},"loc":{"start":{"line":3,"column":656},"end":{"line":3,"column":1103}}},"7":{"name":"(anonymous_7)","decl":{"start":{"line":5,"column":16},"end":{"line":5,"column":17}},"loc":{"start":{"line":5,"column":41},"end":{"line":102,"column":32}}},"8":{"name":"PlatformGroup","decl":{"start":{"line":7,"column":37},"end":{"line":7,"column":50}},"loc":{"start":{"line":7,"column":57},"end":{"line":22,"column":3}}},"9":{"name":"getRandomPlatform","decl":{"start":{"line":22,"column":76},"end":{"line":22,"column":93}},"loc":{"start":{"line":24,"column":4},"end":{"line":27,"column":5}}},"10":{"name":"getRandomTree","decl":{"start":{"line":27,"column":49},"end":{"line":27,"column":62}},"loc":{"start":{"line":29,"column":4},"end":{"line":32,"column":5}}},"11":{"name":"getRandomNumber","decl":{"start":{"line":32,"column":51},"end":{"line":32,"column":66}},"loc":{"start":{"line":34,"column":4},"end":{"line":36,"column":5}}},"12":{"name":"kill","decl":{"start":{"line":36,"column":40},"end":{"line":36,"column":44}},"loc":{"start":{"line":38,"column":4},"end":{"line":46,"column":5}}},"13":{"name":"reset","decl":{"start":{"line":46,"column":41},"end":{"line":46,"column":46}},"loc":{"start":{"line":48,"column":16},"end":{"line":85,"column":5}}},"14":{"name":"update","decl":{"start":{"line":85,"column":42},"end":{"line":85,"column":48}},"loc":{"start":{"line":87,"column":4},"end":{"line":102,"column":5}}}},"branchMap":{"0":{"loc":{"start":{"line":1,"column":265},"end":{"line":1,"column":295}},"type":"binary-expr","locations":[{"start":{"line":1,"column":265},"end":{"line":1,"column":286}},{"start":{"line":1,"column":290},"end":{"line":1,"column":295}}]},"1":{"loc":{"start":{"line":1,"column":327},"end":{"line":1,"column":381}},"type":"if","locations":[{"start":{"line":1,"column":327},"end":{"line":1,"column":381}},{"start":{"line":1,"column":327},"end":{"line":1,"column":381}}]},"2":{"loc":{"start":{"line":1,"column":497},"end":{"line":1,"column":565}},"type":"if","locations":[{"start":{"line":1,"column":497},"end":{"line":1,"column":565}},{"start":{"line":1,"column":497},"end":{"line":1,"column":565}}]},"3":{"loc":{"start":{"line":1,"column":565},"end":{"line":1,"column":625}},"type":"if","locations":[{"start":{"line":1,"column":565},"end":{"line":1,"column":625}},{"start":{"line":1,"column":565},"end":{"line":1,"column":625}}]},"4":{"loc":{"start":{"line":3,"column":183},"end":{"line":3,"column":229}},"type":"cond-expr","locations":[{"start":{"line":3,"column":207},"end":{"line":3,"column":210}},{"start":{"line":3,"column":213},"end":{"line":3,"column":229}}]},"5":{"loc":{"start":{"line":3,"column":183},"end":{"line":3,"column":204}},"type":"binary-expr","locations":[{"start":{"line":3,"column":183},"end":{"line":3,"column":186}},{"start":{"line":3,"column":190},"end":{"line":3,"column":204}}]},"6":{"loc":{"start":{"line":3,"column":280},"end":{"line":3,"column":379}},"type":"if","locations":[{"start":{"line":3,"column":280},"end":{"line":3,"column":379}},{"start":{"line":3,"column":280},"end":{"line":3,"column":379}}]},"7":{"loc":{"start":{"line":3,"column":429},"end":{"line":3,"column":528}},"type":"if","locations":[{"start":{"line":3,"column":429},"end":{"line":3,"column":528}},{"start":{"line":3,"column":429},"end":{"line":3,"column":528}}]},"8":{"loc":{"start":{"line":3,"column":535},"end":{"line":3,"column":613}},"type":"cond-expr","locations":[{"start":{"line":3,"column":602},"end":{"line":3,"column":606}},{"start":{"line":3,"column":609},"end":{"line":3,"column":613}}]},"9":{"loc":{"start":{"line":3,"column":535},"end":{"line":3,"column":599}},"type":"binary-expr","locations":[{"start":{"line":3,"column":535},"end":{"line":3,"column":539}},{"start":{"line":3,"column":544},"end":{"line":3,"column":568}},{"start":{"line":3,"column":572},"end":{"line":3,"column":598}}]},"10":{"loc":{"start":{"line":3,"column":657},"end":{"line":3,"column":820}},"type":"if","locations":[{"start":{"line":3,"column":657},"end":{"line":3,"column":820}},{"start":{"line":3,"column":657},"end":{"line":3,"column":820}}]},"11":{"loc":{"start":{"line":3,"column":661},"end":{"line":3,"column":716}},"type":"binary-expr","locations":[{"start":{"line":3,"column":661},"end":{"line":3,"column":693}},{"start":{"line":3,"column":697},"end":{"line":3,"column":716}}]},"12":{"loc":{"start":{"line":3,"column":855},"end":{"line":3,"column":889}},"type":"binary-expr","locations":[{"start":{"line":3,"column":855},"end":{"line":3,"column":865}},{"start":{"line":3,"column":869},"end":{"line":3,"column":889}}]},"13":{"loc":{"start":{"line":3,"column":984},"end":{"line":3,"column":1102}},"type":"if","locations":[{"start":{"line":3,"column":984},"end":{"line":3,"column":1102}},{"start":{"line":3,"column":984},"end":{"line":3,"column":1102}}]},"14":{"loc":{"start":{"line":3,"column":1000},"end":{"line":3,"column":1101}},"type":"cond-expr","locations":[{"start":{"line":3,"column":1024},"end":{"line":3,"column":1067}},{"start":{"line":3,"column":1070},"end":{"line":3,"column":1101}}]},"15":{"loc":{"start":{"line":7,"column":285},"end":{"line":7,"column":348}},"type":"binary-expr","locations":[{"start":{"line":7,"column":285},"end":{"line":7,"column":308}},{"start":{"line":7,"column":312},"end":{"line":7,"column":348}}]},"16":{"loc":{"start":{"line":10,"column":4},"end":{"line":10,"column":95}},"type":"if","locations":[{"start":{"line":10,"column":4},"end":{"line":10,"column":95}},{"start":{"line":10,"column":4},"end":{"line":10,"column":95}}]},"17":{"loc":{"start":{"line":40,"column":6},"end":{"line":42,"column":7}},"type":"if","locations":[{"start":{"line":40,"column":6},"end":{"line":42,"column":7}},{"start":{"line":40,"column":6},"end":{"line":42,"column":7}}]},"18":{"loc":{"start":{"line":43,"column":6},"end":{"line":45,"column":7}},"type":"if","locations":[{"start":{"line":43,"column":6},"end":{"line":45,"column":7}},{"start":{"line":43,"column":6},"end":{"line":45,"column":7}}]},"19":{"loc":{"start":{"line":65,"column":6},"end":{"line":68,"column":7}},"type":"if","locations":[{"start":{"line":65,"column":6},"end":{"line":68,"column":7}},{"start":{"line":65,"column":6},"end":{"line":68,"column":7}}]},"20":{"loc":{"start":{"line":71,"column":6},"end":{"line":76,"column":7}},"type":"if","locations":[{"start":{"line":71,"column":6},"end":{"line":76,"column":7}},{"start":{"line":71,"column":6},"end":{"line":76,"column":7}}]},"21":{"loc":{"start":{"line":89,"column":6},"end":{"line":100,"column":7}},"type":"if","locations":[{"start":{"line":89,"column":6},"end":{"line":100,"column":7}},{"start":{"line":89,"column":6},"end":{"line":100,"column":7}}]},"22":{"loc":{"start":{"line":94,"column":8},"end":{"line":95,"column":39}},"type":"if","locations":[{"start":{"line":94,"column":8},"end":{"line":95,"column":39}},{"start":{"line":94,"column":8},"end":{"line":95,"column":39}}]}},"s":{"0":0,"1":0,"2":0,"3":0,"4":0,"5":0,"6":0,"7":0,"8":0,"9":0,"10":0,"11":0,"12":0,"13":0,"14":0,"15":0,"16":0,"17":0,"18":0,"19":0,"20":0,"21":0,"22":0,"23":0,"24":0,"25":0,"26":0,"27":0,"28":0,"29":0,"30":0,"31":0,"32":0,"33":0,"34":0,"35":0,"36":0,"37":0,"38":0,"39":0,"40":0,"41":0,"42":0,"43":0,"44":0,"45":0,"46":0,"47":0,"48":0,"49":0,"50":0,"51":0,"52":0,"53":0,"54":0,"55":0,"56":0,"57":0,"58":0,"59":0,"60":0,"61":0,"62":0,"63":0,"64":0,"65":0,"66":0,"67":0,"68":0,"69":0,"70":0,"71":0},"f":{"0":0,"1":0,"2":0,"3":0,"4":0,"5":0,"6":0,"7":0,"8":0,"9":0,"10":0,"11":0,"12":0,"13":0,"14":0},"b":{"0":[0,0],"1":[0,0],"2":[0,0],"3":[0,0],"4":[0,0],"5":[0,0],"6":[0,0],"7":[0,0],"8":[0,0],"9":[0,0,0],"10":[0,0],"11":[0,0],"12":[0,0],"13":[0,0],"14":[0,0],"15":[0,0],"16":[0,0],"17":[0,0],"18":[0,0],"19":[0,0],"20":[0,0],"21":[0,0],"22":[0,0]}}
,"/Developer/sites/cod/W6/P2_game/src/js/classes/objects/PlatformGroupStart.js": {"path":"/Developer/sites/cod/W6/P2_game/src/js/classes/objects/PlatformGroupStart.js","statementMap":{"0":{"start":{"line":1,"column":39},"end":{"line":1,"column":101}},"1":{"start":{"line":2,"column":164},"end":{"line":2,"column":218}},"2":{"start":{"line":2,"column":268},"end":{"line":2,"column":367}},"3":{"start":{"line":2,"column":309},"end":{"line":2,"column":366}},"4":{"start":{"line":2,"column":417},"end":{"line":2,"column":516}},"5":{"start":{"line":2,"column":429},"end":{"line":2,"column":515}},"6":{"start":{"line":2,"column":516},"end":{"line":2,"column":602}},"7":{"start":{"line":2,"column":645},"end":{"line":2,"column":808}},"8":{"start":{"line":2,"column":707},"end":{"line":2,"column":807}},"9":{"start":{"line":2,"column":808},"end":{"line":2,"column":972}},"10":{"start":{"line":2,"column":972},"end":{"line":2,"column":1090}},"11":{"start":{"line":2,"column":988},"end":{"line":2,"column":1090}},"12":{"start":{"line":4,"column":21},"end":{"line":23,"column":44}},"13":{"start":{"line":4,"column":47},"end":{"line":4,"column":92}},"14":{"start":{"line":5,"column":143},"end":{"line":6,"column":10}},"15":{"start":{"line":8,"column":48},"end":{"line":8,"column":55}},"16":{"start":{"line":9,"column":44},"end":{"line":9,"column":51}},"17":{"start":{"line":19,"column":51},"end":{"line":19,"column":134}},"18":{"start":{"line":20,"column":24},"end":{"line":20,"column":44}},"19":{"start":{"line":21,"column":25},"end":{"line":21,"column":46}},"20":{"start":{"line":23,"column":3},"end":{"line":23,"column":29}}},"fnMap":{"0":{"name":"_interopRequireDefault","decl":{"start":{"line":2,"column":135},"end":{"line":2,"column":157}},"loc":{"start":{"line":2,"column":163},"end":{"line":2,"column":219}}},"1":{"name":"_classCallCheck","decl":{"start":{"line":2,"column":228},"end":{"line":2,"column":243}},"loc":{"start":{"line":2,"column":267},"end":{"line":2,"column":368}}},"2":{"name":"_possibleConstructorReturn","decl":{"start":{"line":2,"column":377},"end":{"line":2,"column":403}},"loc":{"start":{"line":2,"column":416},"end":{"line":2,"column":603}}},"3":{"name":"_inherits","decl":{"start":{"line":2,"column":612},"end":{"line":2,"column":621}},"loc":{"start":{"line":2,"column":644},"end":{"line":2,"column":1091}}},"4":{"name":"(anonymous_4)","decl":{"start":{"line":4,"column":21},"end":{"line":4,"column":22}},"loc":{"start":{"line":4,"column":46},"end":{"line":23,"column":30}}},"5":{"name":"PlatformGroupStart","decl":{"start":{"line":5,"column":37},"end":{"line":5,"column":55}},"loc":{"start":{"line":5,"column":62},"end":{"line":23,"column":3}}}},"branchMap":{"0":{"loc":{"start":{"line":2,"column":171},"end":{"line":2,"column":217}},"type":"cond-expr","locations":[{"start":{"line":2,"column":195},"end":{"line":2,"column":198}},{"start":{"line":2,"column":201},"end":{"line":2,"column":217}}]},"1":{"loc":{"start":{"line":2,"column":171},"end":{"line":2,"column":192}},"type":"binary-expr","locations":[{"start":{"line":2,"column":171},"end":{"line":2,"column":174}},{"start":{"line":2,"column":178},"end":{"line":2,"column":192}}]},"2":{"loc":{"start":{"line":2,"column":268},"end":{"line":2,"column":367}},"type":"if","locations":[{"start":{"line":2,"column":268},"end":{"line":2,"column":367}},{"start":{"line":2,"column":268},"end":{"line":2,"column":367}}]},"3":{"loc":{"start":{"line":2,"column":417},"end":{"line":2,"column":516}},"type":"if","locations":[{"start":{"line":2,"column":417},"end":{"line":2,"column":516}},{"start":{"line":2,"column":417},"end":{"line":2,"column":516}}]},"4":{"loc":{"start":{"line":2,"column":523},"end":{"line":2,"column":601}},"type":"cond-expr","locations":[{"start":{"line":2,"column":590},"end":{"line":2,"column":594}},{"start":{"line":2,"column":597},"end":{"line":2,"column":601}}]},"5":{"loc":{"start":{"line":2,"column":523},"end":{"line":2,"column":587}},"type":"binary-expr","locations":[{"start":{"line":2,"column":523},"end":{"line":2,"column":527}},{"start":{"line":2,"column":532},"end":{"line":2,"column":556}},{"start":{"line":2,"column":560},"end":{"line":2,"column":586}}]},"6":{"loc":{"start":{"line":2,"column":645},"end":{"line":2,"column":808}},"type":"if","locations":[{"start":{"line":2,"column":645},"end":{"line":2,"column":808}},{"start":{"line":2,"column":645},"end":{"line":2,"column":808}}]},"7":{"loc":{"start":{"line":2,"column":649},"end":{"line":2,"column":704}},"type":"binary-expr","locations":[{"start":{"line":2,"column":649},"end":{"line":2,"column":681}},{"start":{"line":2,"column":685},"end":{"line":2,"column":704}}]},"8":{"loc":{"start":{"line":2,"column":843},"end":{"line":2,"column":877}},"type":"binary-expr","locations":[{"start":{"line":2,"column":843},"end":{"line":2,"column":853}},{"start":{"line":2,"column":857},"end":{"line":2,"column":877}}]},"9":{"loc":{"start":{"line":2,"column":972},"end":{"line":2,"column":1090}},"type":"if","locations":[{"start":{"line":2,"column":972},"end":{"line":2,"column":1090}},{"start":{"line":2,"column":972},"end":{"line":2,"column":1090}}]},"10":{"loc":{"start":{"line":2,"column":988},"end":{"line":2,"column":1089}},"type":"cond-expr","locations":[{"start":{"line":2,"column":1012},"end":{"line":2,"column":1055}},{"start":{"line":2,"column":1058},"end":{"line":2,"column":1089}}]},"11":{"loc":{"start":{"line":5,"column":177},"end":{"line":5,"column":250}},"type":"binary-expr","locations":[{"start":{"line":5,"column":177},"end":{"line":5,"column":205}},{"start":{"line":5,"column":209},"end":{"line":5,"column":250}}]}},"s":{"0":0,"1":0,"2":0,"3":0,"4":0,"5":0,"6":0,"7":0,"8":0,"9":0,"10":0,"11":0,"12":0,"13":0,"14":0,"15":0,"16":0,"17":0,"18":0,"19":0,"20":0},"f":{"0":0,"1":0,"2":0,"3":0,"4":0,"5":0},"b":{"0":[0,0],"1":[0,0],"2":[0,0],"3":[0,0],"4":[0,0],"5":[0,0,0],"6":[0,0],"7":[0,0],"8":[0,0],"9":[0,0],"10":[0,0],"11":[0,0]}}
,"/Developer/sites/cod/W6/P2_game/src/js/classes/objects/Scoreboard.js": {"path":"/Developer/sites/cod/W6/P2_game/src/js/classes/objects/Scoreboard.js","statementMap":{"0":{"start":{"line":1,"column":39},"end":{"line":1,"column":101}},"1":{"start":{"line":1,"column":120},"end":{"line":1,"column":649}},"2":{"start":{"line":1,"column":175},"end":{"line":1,"column":440}},"3":{"start":{"line":1,"column":232},"end":{"line":1,"column":240}},"4":{"start":{"line":1,"column":241},"end":{"line":1,"column":296}},"5":{"start":{"line":1,"column":296},"end":{"line":1,"column":327}},"6":{"start":{"line":1,"column":327},"end":{"line":1,"column":381}},"7":{"start":{"line":1,"column":354},"end":{"line":1,"column":381}},"8":{"start":{"line":1,"column":381},"end":{"line":1,"column":439}},"9":{"start":{"line":1,"column":441},"end":{"line":1,"column":646}},"10":{"start":{"line":1,"column":497},"end":{"line":1,"column":565}},"11":{"start":{"line":1,"column":513},"end":{"line":1,"column":565}},"12":{"start":{"line":1,"column":565},"end":{"line":1,"column":625}},"13":{"start":{"line":1,"column":582},"end":{"line":1,"column":625}},"14":{"start":{"line":1,"column":625},"end":{"line":1,"column":644}},"15":{"start":{"line":1,"column":699},"end":{"line":1,"column":798}},"16":{"start":{"line":1,"column":740},"end":{"line":1,"column":797}},"17":{"start":{"line":1,"column":848},"end":{"line":1,"column":947}},"18":{"start":{"line":1,"column":860},"end":{"line":1,"column":946}},"19":{"start":{"line":1,"column":947},"end":{"line":1,"column":1033}},"20":{"start":{"line":1,"column":1076},"end":{"line":1,"column":1239}},"21":{"start":{"line":1,"column":1138},"end":{"line":1,"column":1238}},"22":{"start":{"line":1,"column":1239},"end":{"line":1,"column":1403}},"23":{"start":{"line":1,"column":1403},"end":{"line":1,"column":1521}},"24":{"start":{"line":1,"column":1419},"end":{"line":1,"column":1521}},"25":{"start":{"line":1,"column":1539},"end":{"line":50,"column":43}},"26":{"start":{"line":1,"column":1565},"end":{"line":1,"column":1602}},"27":{"start":{"line":2,"column":127},"end":{"line":3,"column":10}},"28":{"start":{"line":12,"column":48},"end":{"line":12,"column":70}},"29":{"start":{"line":14,"column":50},"end":{"line":14,"column":233}},"30":{"start":{"line":15,"column":54},"end":{"line":17,"column":48}},"31":{"start":{"line":19,"column":4},"end":{"line":19,"column":43}},"32":{"start":{"line":21,"column":4},"end":{"line":21,"column":35}},"33":{"start":{"line":22,"column":4},"end":{"line":22,"column":39}},"34":{"start":{"line":24,"column":4},"end":{"line":24,"column":23}},"35":{"start":{"line":25,"column":4},"end":{"line":25,"column":24}},"36":{"start":{"line":28,"column":3},"end":{"line":50,"column":10}},"37":{"start":{"line":31,"column":27},"end":{"line":31,"column":244}},"38":{"start":{"line":32,"column":6},"end":{"line":32,"column":43}},"39":{"start":{"line":34,"column":6},"end":{"line":36,"column":51}},"40":{"start":{"line":41,"column":6},"end":{"line":41,"column":70}},"41":{"start":{"line":45,"column":6},"end":{"line":45,"column":63}},"42":{"start":{"line":49,"column":6},"end":{"line":49,"column":87}},"43":{"start":{"line":50,"column":10},"end":{"line":50,"column":28}}},"fnMap":{"0":{"name":"(anonymous_0)","decl":{"start":{"line":1,"column":120},"end":{"line":1,"column":121}},"loc":{"start":{"line":1,"column":132},"end":{"line":1,"column":647}}},"1":{"name":"defineProperties","decl":{"start":{"line":1,"column":142},"end":{"line":1,"column":158}},"loc":{"start":{"line":1,"column":174},"end":{"line":1,"column":441}}},"2":{"name":"(anonymous_2)","decl":{"start":{"line":1,"column":448},"end":{"line":1,"column":449}},"loc":{"start":{"line":1,"column":496},"end":{"line":1,"column":645}}},"3":{"name":"_classCallCheck","decl":{"start":{"line":1,"column":659},"end":{"line":1,"column":674}},"loc":{"start":{"line":1,"column":698},"end":{"line":1,"column":799}}},"4":{"name":"_possibleConstructorReturn","decl":{"start":{"line":1,"column":808},"end":{"line":1,"column":834}},"loc":{"start":{"line":1,"column":847},"end":{"line":1,"column":1034}}},"5":{"name":"_inherits","decl":{"start":{"line":1,"column":1043},"end":{"line":1,"column":1052}},"loc":{"start":{"line":1,"column":1075},"end":{"line":1,"column":1522}}},"6":{"name":"(anonymous_6)","decl":{"start":{"line":1,"column":1539},"end":{"line":1,"column":1540}},"loc":{"start":{"line":1,"column":1564},"end":{"line":50,"column":29}}},"7":{"name":"Scoreboard","decl":{"start":{"line":2,"column":37},"end":{"line":2,"column":47}},"loc":{"start":{"line":2,"column":54},"end":{"line":28,"column":3}}},"8":{"name":"createIconLeader","decl":{"start":{"line":28,"column":72},"end":{"line":28,"column":88}},"loc":{"start":{"line":30,"column":4},"end":{"line":38,"column":5}}},"9":{"name":"leaderboardClicked","decl":{"start":{"line":38,"column":54},"end":{"line":38,"column":72}},"loc":{"start":{"line":40,"column":4},"end":{"line":42,"column":5}}},"10":{"name":"restartGame","decl":{"start":{"line":42,"column":47},"end":{"line":42,"column":58}},"loc":{"start":{"line":44,"column":4},"end":{"line":46,"column":5}}},"11":{"name":"show","decl":{"start":{"line":46,"column":40},"end":{"line":46,"column":44}},"loc":{"start":{"line":48,"column":11},"end":{"line":50,"column":5}}}},"branchMap":{"0":{"loc":{"start":{"line":1,"column":265},"end":{"line":1,"column":295}},"type":"binary-expr","locations":[{"start":{"line":1,"column":265},"end":{"line":1,"column":286}},{"start":{"line":1,"column":290},"end":{"line":1,"column":295}}]},"1":{"loc":{"start":{"line":1,"column":327},"end":{"line":1,"column":381}},"type":"if","locations":[{"start":{"line":1,"column":327},"end":{"line":1,"column":381}},{"start":{"line":1,"column":327},"end":{"line":1,"column":381}}]},"2":{"loc":{"start":{"line":1,"column":497},"end":{"line":1,"column":565}},"type":"if","locations":[{"start":{"line":1,"column":497},"end":{"line":1,"column":565}},{"start":{"line":1,"column":497},"end":{"line":1,"column":565}}]},"3":{"loc":{"start":{"line":1,"column":565},"end":{"line":1,"column":625}},"type":"if","locations":[{"start":{"line":1,"column":565},"end":{"line":1,"column":625}},{"start":{"line":1,"column":565},"end":{"line":1,"column":625}}]},"4":{"loc":{"start":{"line":1,"column":699},"end":{"line":1,"column":798}},"type":"if","locations":[{"start":{"line":1,"column":699},"end":{"line":1,"column":798}},{"start":{"line":1,"column":699},"end":{"line":1,"column":798}}]},"5":{"loc":{"start":{"line":1,"column":848},"end":{"line":1,"column":947}},"type":"if","locations":[{"start":{"line":1,"column":848},"end":{"line":1,"column":947}},{"start":{"line":1,"column":848},"end":{"line":1,"column":947}}]},"6":{"loc":{"start":{"line":1,"column":954},"end":{"line":1,"column":1032}},"type":"cond-expr","locations":[{"start":{"line":1,"column":1021},"end":{"line":1,"column":1025}},{"start":{"line":1,"column":1028},"end":{"line":1,"column":1032}}]},"7":{"loc":{"start":{"line":1,"column":954},"end":{"line":1,"column":1018}},"type":"binary-expr","locations":[{"start":{"line":1,"column":954},"end":{"line":1,"column":958}},{"start":{"line":1,"column":963},"end":{"line":1,"column":987}},{"start":{"line":1,"column":991},"end":{"line":1,"column":1017}}]},"8":{"loc":{"start":{"line":1,"column":1076},"end":{"line":1,"column":1239}},"type":"if","locations":[{"start":{"line":1,"column":1076},"end":{"line":1,"column":1239}},{"start":{"line":1,"column":1076},"end":{"line":1,"column":1239}}]},"9":{"loc":{"start":{"line":1,"column":1080},"end":{"line":1,"column":1135}},"type":"binary-expr","locations":[{"start":{"line":1,"column":1080},"end":{"line":1,"column":1112}},{"start":{"line":1,"column":1116},"end":{"line":1,"column":1135}}]},"10":{"loc":{"start":{"line":1,"column":1274},"end":{"line":1,"column":1308}},"type":"binary-expr","locations":[{"start":{"line":1,"column":1274},"end":{"line":1,"column":1284}},{"start":{"line":1,"column":1288},"end":{"line":1,"column":1308}}]},"11":{"loc":{"start":{"line":1,"column":1403},"end":{"line":1,"column":1521}},"type":"if","locations":[{"start":{"line":1,"column":1403},"end":{"line":1,"column":1521}},{"start":{"line":1,"column":1403},"end":{"line":1,"column":1521}}]},"12":{"loc":{"start":{"line":1,"column":1419},"end":{"line":1,"column":1520}},"type":"cond-expr","locations":[{"start":{"line":1,"column":1443},"end":{"line":1,"column":1486}},{"start":{"line":1,"column":1489},"end":{"line":1,"column":1520}}]},"13":{"loc":{"start":{"line":2,"column":161},"end":{"line":2,"column":218}},"type":"binary-expr","locations":[{"start":{"line":2,"column":161},"end":{"line":2,"column":181}},{"start":{"line":2,"column":185},"end":{"line":2,"column":218}}]}},"s":{"0":0,"1":0,"2":0,"3":0,"4":0,"5":0,"6":0,"7":0,"8":0,"9":0,"10":0,"11":0,"12":0,"13":0,"14":0,"15":0,"16":0,"17":0,"18":0,"19":0,"20":0,"21":0,"22":0,"23":0,"24":0,"25":0,"26":0,"27":0,"28":0,"29":0,"30":0,"31":0,"32":0,"33":0,"34":0,"35":0,"36":0,"37":0,"38":0,"39":0,"40":0,"41":0,"42":0,"43":0},"f":{"0":0,"1":0,"2":0,"3":0,"4":0,"5":0,"6":0,"7":0,"8":0,"9":0,"10":0,"11":0},"b":{"0":[0,0],"1":[0,0],"2":[0,0],"3":[0,0],"4":[0,0],"5":[0,0],"6":[0,0],"7":[0,0,0],"8":[0,0],"9":[0,0],"10":[0,0],"11":[0,0],"12":[0,0],"13":[0,0]}}
,"/Developer/sites/cod/W6/P2_game/src/js/classes/objects/Tree.js": {"path":"/Developer/sites/cod/W6/P2_game/src/js/classes/objects/Tree.js","statementMap":{"0":{"start":{"line":1,"column":39},"end":{"line":1,"column":101}},"1":{"start":{"line":1,"column":120},"end":{"line":1,"column":649}},"2":{"start":{"line":1,"column":175},"end":{"line":1,"column":440}},"3":{"start":{"line":1,"column":232},"end":{"line":1,"column":240}},"4":{"start":{"line":1,"column":241},"end":{"line":1,"column":296}},"5":{"start":{"line":1,"column":296},"end":{"line":1,"column":327}},"6":{"start":{"line":1,"column":327},"end":{"line":1,"column":381}},"7":{"start":{"line":1,"column":354},"end":{"line":1,"column":381}},"8":{"start":{"line":1,"column":381},"end":{"line":1,"column":439}},"9":{"start":{"line":1,"column":441},"end":{"line":1,"column":646}},"10":{"start":{"line":1,"column":497},"end":{"line":1,"column":565}},"11":{"start":{"line":1,"column":513},"end":{"line":1,"column":565}},"12":{"start":{"line":1,"column":565},"end":{"line":1,"column":625}},"13":{"start":{"line":1,"column":582},"end":{"line":1,"column":625}},"14":{"start":{"line":1,"column":625},"end":{"line":1,"column":644}},"15":{"start":{"line":1,"column":699},"end":{"line":1,"column":798}},"16":{"start":{"line":1,"column":740},"end":{"line":1,"column":797}},"17":{"start":{"line":1,"column":848},"end":{"line":1,"column":947}},"18":{"start":{"line":1,"column":860},"end":{"line":1,"column":946}},"19":{"start":{"line":1,"column":947},"end":{"line":1,"column":1033}},"20":{"start":{"line":1,"column":1076},"end":{"line":1,"column":1239}},"21":{"start":{"line":1,"column":1138},"end":{"line":1,"column":1238}},"22":{"start":{"line":1,"column":1239},"end":{"line":1,"column":1403}},"23":{"start":{"line":1,"column":1403},"end":{"line":1,"column":1521}},"24":{"start":{"line":1,"column":1419},"end":{"line":1,"column":1521}},"25":{"start":{"line":1,"column":1533},"end":{"line":18,"column":38}},"26":{"start":{"line":1,"column":1560},"end":{"line":1,"column":1592}},"27":{"start":{"line":2,"column":128},"end":{"line":3,"column":35}},"28":{"start":{"line":8,"column":3},"end":{"line":18,"column":10}},"29":{"start":{"line":11,"column":6},"end":{"line":11,"column":26}},"30":{"start":{"line":15,"column":6},"end":{"line":15,"column":25}},"31":{"start":{"line":16,"column":6},"end":{"line":16,"column":17}},"32":{"start":{"line":17,"column":6},"end":{"line":17,"column":17}},"33":{"start":{"line":18,"column":10},"end":{"line":18,"column":22}}},"fnMap":{"0":{"name":"(anonymous_0)","decl":{"start":{"line":1,"column":120},"end":{"line":1,"column":121}},"loc":{"start":{"line":1,"column":132},"end":{"line":1,"column":647}}},"1":{"name":"defineProperties","decl":{"start":{"line":1,"column":142},"end":{"line":1,"column":158}},"loc":{"start":{"line":1,"column":174},"end":{"line":1,"column":441}}},"2":{"name":"(anonymous_2)","decl":{"start":{"line":1,"column":448},"end":{"line":1,"column":449}},"loc":{"start":{"line":1,"column":496},"end":{"line":1,"column":645}}},"3":{"name":"_classCallCheck","decl":{"start":{"line":1,"column":659},"end":{"line":1,"column":674}},"loc":{"start":{"line":1,"column":698},"end":{"line":1,"column":799}}},"4":{"name":"_possibleConstructorReturn","decl":{"start":{"line":1,"column":808},"end":{"line":1,"column":834}},"loc":{"start":{"line":1,"column":847},"end":{"line":1,"column":1034}}},"5":{"name":"_inherits","decl":{"start":{"line":1,"column":1043},"end":{"line":1,"column":1052}},"loc":{"start":{"line":1,"column":1075},"end":{"line":1,"column":1522}}},"6":{"name":"(anonymous_6)","decl":{"start":{"line":1,"column":1533},"end":{"line":1,"column":1534}},"loc":{"start":{"line":1,"column":1559},"end":{"line":18,"column":23}}},"7":{"name":"Tree","decl":{"start":{"line":2,"column":37},"end":{"line":2,"column":41}},"loc":{"start":{"line":2,"column":61},"end":{"line":8,"column":3}}},"8":{"name":"kill","decl":{"start":{"line":8,"column":54},"end":{"line":8,"column":58}},"loc":{"start":{"line":10,"column":4},"end":{"line":12,"column":5}}},"9":{"name":"revive","decl":{"start":{"line":12,"column":42},"end":{"line":12,"column":48}},"loc":{"start":{"line":14,"column":10},"end":{"line":18,"column":5}}}},"branchMap":{"0":{"loc":{"start":{"line":1,"column":265},"end"
[...]
1}},{"start":{"line":6,"column":576},"end":{"line":6,"column":600}},{"start":{"line":6,"column":604},"end":{"line":6,"column":630}}]},"10":{"loc":{"start":{"line":6,"column":689},"end":{"line":6,"column":852}},"type":"if","locations":[{"start":{"line":6,"column":689},"end":{"line":6,"column":852}},{"start":{"line":6,"column":689},"end":{"line":6,"column":852}}]},"11":{"loc":{"start":{"line":6,"column":693},"end":{"line":6,"column":748}},"type":"binary-expr","locations":[{"start":{"line":6,"column":693},"end":{"line":6,"column":725}},{"start":{"line":6,"column":729},"end":{"line":6,"column":748}}]},"12":{"loc":{"start":{"line":6,"column":887},"end":{"line":6,"column":921}},"type":"binary-expr","locations":[{"start":{"line":6,"column":887},"end":{"line":6,"column":897}},{"start":{"line":6,"column":901},"end":{"line":6,"column":921}}]},"13":{"loc":{"start":{"line":6,"column":1016},"end":{"line":6,"column":1134}},"type":"if","locations":[{"start":{"line":6,"column":1016},"end":{"line":6,"column":1134}},{"start":{"line":6,"column":1016},"end":{"line":6,"column":1134}}]},"14":{"loc":{"start":{"line":6,"column":1032},"end":{"line":6,"column":1133}},"type":"cond-expr","locations":[{"start":{"line":6,"column":1056},"end":{"line":6,"column":1099}},{"start":{"line":6,"column":1102},"end":{"line":6,"column":1133}}]},"15":{"loc":{"start":{"line":8,"column":150},"end":{"line":8,"column":195}},"type":"binary-expr","locations":[{"start":{"line":8,"column":150},"end":{"line":8,"column":164}},{"start":{"line":8,"column":168},"end":{"line":8,"column":195}}]},"16":{"loc":{"start":{"line":88,"column":6},"end":{"line":91,"column":7}},"type":"if","locations":[{"start":{"line":88,"column":6},"end":{"line":91,"column":7}},{"start":{"line":88,"column":6},"end":{"line":91,"column":7}}]},"17":{"loc":{"start":{"line":97,"column":6},"end":{"line":135,"column":23}},"type":"switch","locations":[{"start":{"line":98,"column":8},"end":{"line":100,"column":16}},{"start":{"line":101,"column":8},"end":{"line":103,"column":16}},{"start":{"line":104,"column":8},"end":{"line":106,"column":16}},{"start":{"line":107,"column":8},"end":{"line":109,"column":16}},{"start":{"line":110,"column":8},"end":{"line":112,"column":16}},{"start":{"line":113,"column":8},"end":{"line":115,"column":16}},{"start":{"line":116,"column":8},"end":{"line":118,"column":16}},{"start":{"line":119,"column":8},"end":{"line":121,"column":16}},{"start":{"line":122,"column":8},"end":{"line":124,"column":16}},{"start":{"line":125,"column":8},"end":{"line":127,"column":16}},{"start":{"line":128,"column":8},"end":{"line":130,"column":16}},{"start":{"line":131,"column":8},"end":{"line":133,"column":16}},{"start":{"line":134,"column":8},"end":{"line":135,"column":22}}]},"18":{"loc":{"start":{"line":145,"column":6},"end":{"line":147,"column":7}},"type":"if","locations":[{"start":{"line":145,"column":6},"end":{"line":147,"column":7}},{"start":{"line":145,"column":6},"end":{"line":147,"column":7}}]},"19":{"loc":{"start":{"line":159,"column":6},"end":{"line":162,"column":7}},"type":"if","locations":[{"start":{"line":159,"column":6},"end":{"line":162,"column":7}},{"start":{"line":159,"column":6},"end":{"line":162,"column":7}}]},"20":{"loc":{"start":{"line":181,"column":6},"end":{"line":184,"column":7}},"type":"if","locations":[{"start":{"line":181,"column":6},"end":{"line":184,"column":7}},{"start":{"line":181,"column":6},"end":{"line":184,"column":7}}]},"21":{"loc":{"start":{"line":181,"column":10},"end":{"line":181,"column":61}},"type":"binary-expr","locations":[{"start":{"line":181,"column":10},"end":{"line":181,"column":27}},{"start":{"line":181,"column":31},"end":{"line":181,"column":61}}]},"22":{"loc":{"start":{"line":188,"column":6},"end":{"line":190,"column":7}},"type":"if","locations":[{"start":{"line":188,"column":6},"end":{"line":190,"column":7}},{"start":{"line":188,"column":6},"end":{"line":190,"column":7}}]},"23":{"loc":{"start":{"line":199,"column":6},"end":{"line":202,"column":7}},"type":"if","locations":[{"start":{"line":199,"column":6},"end":{"line":202,"column":7}},{"start":{"line":199,"column":6},"end":{"line":202,"column":7}}]},"24":{"loc":{"start":{"line":212,"column":6},"end":{"line":214,"column":7}},"type":"if","locations":[{"start":{"line":212,"column":6},"end":{"line":214,"column":7}},{"start":{"line":212,"column":6},"end":{"line":214,"column":7}}]},"25":{"loc":{"start":{"line":219,"column":6},"end":{"line":221,"column":7}},"type":"if","locations":[{"start":{"line":219,"column":6},"end":{"line":221,"column":7}},{"start":{"line":219,"column":6},"end":{"line":221,"column":7}}]},"26":{"loc":{"start":{"line":231,"column":6},"end":{"line":233,"column":7}},"type":"if","locations":[{"start":{"line":231,"column":6},"end":{"line":233,"column":7}},{"start":{"line":231,"column":6},"end":{"line":233,"column":7}}]},"27":{"loc":{"start":{"line":236,"column":8},"end":{"line":241,"column":9}},"type":"if","locations":[{"start":{"line":236,"column":8},"end":{"line":241,"column":9}},{"start":{"line":236,"column":8},"end":{"line":241,"column":9}}]},"28":{"loc":{"start":{"line":245,"column":6},"end":{"line":249,"column":7}},"type":"if","locations":[{"start":{"line":245,"column":6},"end":{"line":249,"column":7}},{"start":{"line":245,"column":6},"end":{"line":249,"column":7}}]},"29":{"loc":{"start":{"line":245,"column":10},"end":{"line":245,"column":47}},"type":"binary-expr","locations":[{"start":{"line":245,"column":10},"end":{"line":245,"column":27}},{"start":{"line":245,"column":31},"end":{"line":245,"column":47}}]},"30":{"loc":{"start":{"line":247,"column":13},"end":{"line":249,"column":7}},"type":"if","locations":[{"start":{"line":247,"column":13},"end":{"line":249,"column":7}},{"start":{"line":247,"column":13},"end":{"line":249,"column":7}}]},"31":{"loc":{"start":{"line":262,"column":6},"end":{"line":265,"column":7}},"type":"if","locations":[{"start":{"line":262,"column":6},"end":{"line":265,"column":7}},{"start":{"line":262,"column":6},"end":{"line":265,"column":7}}]},"32":{"loc":{"start":{"line":269,"column":6},"end":{"line":271,"column":7}},"type":"if","locations":[{"start":{"line":269,"column":6},"end":{"line":271,"column":7}},{"start":{"line":269,"column":6},"end":{"line":271,"column":7}}]},"33":{"loc":{"start":{"line":298,"column":8},"end":{"line":302,"column":9}},"type":"if","locations":[{"start":{"line":298,"column":8},"end":{"line":302,"column":9}},{"start":{"line":298,"column":8},"end":{"line":302,"column":9}}]}},"s":{"0":0,"1":0,"2":0,"3":0,"4":0,"5":0,"6":0,"7":0,"8":0,"9":0,"10":0,"11":0,"12":0,"13":0,"14":0,"15":0,"16":0,"17":0,"18":0,"19":0,"20":0,"21":0,"22":0,"23":0,"24":0,"25":0,"26":0,"27":0,"28":0,"29":0,"30":0,"31":0,"32":0,"33":0,"34":0,"35":0,"36":0,"37":0,"38":0,"39":0,"40":0,"41":0,"42":0,"43":0,"44":0,"45":0,"46":0,"47":0,"48":0,"49":0,"50":0,"51":0,"52":0,"53":0,"54":0,"55":0,"56":0,"57":0,"58":0,"59":0,"60":0,"61":0,"62":0,"63":0,"64":0,"65":0,"66":0,"67":0,"68":0,"69":0,"70":0,"71":0,"72":0,"73":0,"74":0,"75":0,"76":0,"77":0,"78":0,"79":0,"80":0,"81":0,"82":0,"83":0,"84":0,"85":0,"86":0,"87":0,"88":0,"89":0,"90":0,"91":0,"92":0,"93":0,"94":0,"95":0,"96":0,"97":0,"98":0,"99":0,"100":0,"101":0,"102":0,"103":0,"104":0,"105":0,"106":0,"107":0,"108":0,"109":0,"110":0,"111":0,"112":0,"113":0,"114":0,"115":0,"116":0,"117":0,"118":0,"119":0,"120":0,"121":0,"122":0,"123":0,"124":0,"125":0,"126":0,"127":0,"128":0,"129":0,"130":0,"131":0,"132":0,"133":0,"134":0,"135":0,"136":0,"137":0,"138":0,"139":0,"140":0,"141":0,"142":0,"143":0,"144":0,"145":0,"146":0,"147":0,"148":0,"149":0,"150":0,"151":0,"152":0,"153":0,"154":0,"155":0,"156":0,"157":0,"158":0,"159":0,"160":0,"161":0,"162":0,"163":0,"164":0,"165":0,"166":0,"167":0,"168":0,"169":0,"170":0,"171":0,"172":0,"173":0,"174":0},"f":{"0":0,"1":0,"2":0,"3":0,"4":0,"5":0,"6":0,"7":0,"8":0,"9":0,"10":0,"11":0,"12":0,"13":0,"14":0,"15":0,"16":0,"17":0,"18":0,"19":0,"20":0,"21":0,"22":0,"23":0,"24":0,"25":0,"26":0,"27":0,"28":0,"29":0,"30":0,"31":0,"32":0,"33":0},"b":{"0":[0,0],"1":[0,0],"2":[0,0],"3":[0,0],"4":[0,0],"5":[0,0],"6":[0,0],"7":[0,0],"8":[0,0],"9":[0,0,0],"10":[0,0],"11":[0,0],"12":[0,0],"13":[0,0],"14":[0,0],"15":[0,0],"16":[0,0],"17":[0,0,0,0,0,0,0,0,0,0,0,0,0],"18":[0,0],"19":[0,0],"20":[0,0],"21":[0,0],"22":[0,0],"23":[0,0],"24":[0,0],"25":[0,0],"26":[0,0],"27":[0,0],"28":[0,0],"29":[0,0],"30":[0,0],"31":[0,0],"32":[0,0],"33":[0,0]}}
,"/Developer/sites/cod/W6/P2_game/src/js/classes/states/Preload.js": {"path":"/Developer/sites/cod/W6/P2_game/src/js/classes/states/Preload.js","statementMap":{"0":{"start":{"line":1,"column":39},"end":{"line":1,"column":101}},"1":{"start":{"line":1,"column":120},"end":{"line":1,"column":649}},"2":{"start":{"line":1,"column":175},"end":{"line":1,"column":440}},"3":{"start":{"line":1,"column":232},"end":{"line":1,"column":240}},"4":{"start":{"line":1,"column":241},"end":{"line":1,"column":296}},"5":{"start":{"line":1,"column":296},"end":{"line":1,"column":327}},"6":{"start":{"line":1,"column":327},"end":{"line":1,"column":381}},"7":{"start":{"line":1,"column":354},"end":{"line":1,"column":381}},"8":{"start":{"line":1,"column":381},"end":{"line":1,"column":439}},"9":{"start":{"line":1,"column":441},"end":{"line":1,"column":646}},"10":{"start":{"line":1,"column":497},"end":{"line":1,"column":565}},"11":{"start":{"line":1,"column":513},"end":{"line":1,"column":565}},"12":{"start":{"line":1,"column":565},"end":{"line":1,"column":625}},"13":{"start":{"line":1,"column":582},"end":{"line":1,"column":625}},"14":{"start":{"line":1,"column":625},"end":{"line":1,"column":644}},"15":{"start":{"line":1,"column":699},"end":{"line":1,"column":798}},"16":{"start":{"line":1,"column":740},"end":{"line":1,"column":797}},"17":{"start":{"line":1,"column":848},"end":{"line":1,"column":947}},"18":{"start":{"line":1,"column":860},"end":{"line":1,"column":946}},"19":{"start":{"line":1,"column":947},"end":{"line":1,"column":1033}},"20":{"start":{"line":1,"column":1076},"end":{"line":1,"column":1239}},"21":{"start":{"line":1,"column":1138},"end":{"line":1,"column":1238}},"22":{"start":{"line":1,"column":1239},"end":{"line":1,"column":1403}},"23":{"start":{"line":1,"column":1403},"end":{"line":1,"column":1521}},"24":{"start":{"line":1,"column":1419},"end":{"line":1,"column":1521}},"25":{"start":{"line":1,"column":1536},"end":{"line":27,"column":40}},"26":{"start":{"line":1,"column":1562},"end":{"line":1,"column":1596}},"27":{"start":{"line":1,"column":1616},"end":{"line":1,"column":1647}},"28":{"start":{"line":1,"column":1647},"end":{"line":1,"column":1765}},"29":{"start":{"line":1,"column":1766},"end":{"line":27,"column":10}},"30":{"start":{"line":3,"column":6},"end":{"line":3,"column":117}},"31":{"start":{"line":4,"column":6},"end":{"line":4,"column":73}},"32":{"start":{"line":5,"column":6},"end":{"line":5,"column":84}},"33":{"start":{"line":6,"column":6},"end":{"line":6,"column":40}},"34":{"start":{"line":8,"column":6},"end":{"line":8,"column":113}},"35":{"start":{"line":9,"column":6},"end":{"line":9,"column":107}},"36":{"start":{"line":10,"column":6},"end":{"line":10,"column":107}},"37":{"start":{"line":11,"column":6},"end":{"line":11,"column":119}},"38":{"start":{"line":12,"column":6},"end":{"line":12,"column":113}},"39":{"start":{"line":13,"column":6},"end":{"line":13,"column":125}},"40":{"start":{"line":15,"column":6},"end":{"line":15,"column":194}},"41":{"start":{"line":16,"column":6},"end":{"line":16,"column":182}},"42":{"start":{"line":17,"column":6},"end":{"line":17,"column":171}},"43":{"start":{"line":18,"column":6},"end":{"line":18,"column":165}},"44":{"start":{"line":19,"column":6},"end":{"line":19,"column":177}},"45":{"start":{"line":21,"column":6},"end":{"line":21,"column":111}},"46":{"start":{"line":22,"column":6},"end":{"line":22,"column":119}},"47":{"start":{"line":23,"column":6},"end":{"line":23,"column":121}},"48":{"start":{"line":26,"column":6},"end":{"line":26,"column":58}},"49":{"start":{"line":27,"column":10},"end":{"line":27,"column":25}}},"fnMap":{"0":{"name":"(anonymous_0)","decl":{"start":{"line":1,"column":120},"end":{"line":1,"column":121}},"loc":{"start":{"line":1,"column":132},"end":{"line":1,"column":647}}},"1":{"name":"defineProperties","decl":{"start":{"line":1,"column":142},"end":{"line":1,"column":158}},"loc":{"start":{"line":1,"column":174},"end":{"line":1,"column":441}}},"2":{"name":"(anonymous_2)","decl":{"start":{"line":1,"column":448},"end":{"line":1,"column":449}},"loc":{"start":{"line":1,"column":496},"end":{"line":1,"column":645}}},"3":{"name":"_classCallCheck","decl":{"start":{"line":1,"column":659},"end":{"line":1,"column":674}},"loc":{"start":{"line":1,"column":698},"end":{"line":1,"column":799}}},"4":{"name":"_possibleConstructorReturn","decl":{"start":{"line":1,"column":808},"end":{"line":1,"column":834}},"loc":{"start":{"line":1,"column":847},"end":{"line":1,"column":1034}}},"5":{"name":"_inherits","decl":{"start":{"line":1,"column":1043},"end":{"line":1,"column":1052}},"loc":{"start":{"line":1,"column":1075},"end":{"line":1,"column":1522}}},"6":{"name":"(anonymous_6)","decl":{"start":{"line":1,"column":1536},"end":{"line":1,"column":1537}},"loc":{"start":{"line":1,"column":1561},"end":{"line":27,"column":26}}},"7":{"name":"Preload","decl":{"start":{"line":1,"column":1605},"end":{"line":1,"column":1612}},"loc":{"start":{"line":1,"column":1615},"end":{"line":1,"column":1766}}},"8":{"name":"preload","decl":{"start":{"line":1,"column":1823},"end":{"line":1,"column":1830}},"loc":{"start":{"line":2,"column":4},"end":{"line":24,"column":5}}},"9":{"name":"create","decl":{"start":{"line":24,"column":42},"end":{"line":24,"column":48}},"loc":{"start":{"line":25,"column":4},"end":{"line":27,"column":5}}}},"branchMap":{"0":{"loc":{"start":{"line":1,"column":265},"end":{"line":1,"column":295}},"type":"binary-expr","locations":[{"start":{"line":1,"column":265},"end":{"line":1,"column":286}},{"start":{"line":1,"column":290},"end":{"line":1,"column":295}}]},"1":{"loc":{"start":{"line":1,"column":327},"end":{"line":1,"column":381}},"type":"if","locations":[{"start":{"line":1,"column":327},"end":{"line":1,"column":381}},{"start":{"line":1,"column":327},"end":{"line":1,"column":381}}]},"2":{"loc":{"start":{"line":1,"column":497},"end":{"line":1,"column":565}},"type":"if","locations":[{"start":{"line":1,"column":497},"end":{"line":1,"column":565}},{"start":{"line":1,"column":497},"end":{"line":1,"column":565}}]},"3":{"loc":{"start":{"line":1,"column":565},"end":{"line":1,"column":625}},"type":"if","locations":[{"start":{"line":1,"column":565},"end":{"line":1,"column":625}},{"start":{"line":1,"column":565},"end":{"line":1,"column":625}}]},"4":{"loc":{"start":{"line":1,"column":699},"end":{"line":1,"column":798}},"type":"if","locations":[{"start":{"line":1,"column":699},"end":{"line":1,"column":798}},{"start":{"line":1,"column":699},"end":{"line":1,"column":798}}]},"5":{"loc":{"start":{"line":1,"column":848},"end":{"line":1,"column":947}},"type":"if","locations":[{"start":{"line":1,"column":848},"end":{"line":1,"column":947}},{"start":{"line":1,"column":848},"end":{"line":1,"column":947}}]},"6":{"loc":{"start":{"line":1,"column":954},"end":{"line":1,"column":1032}},"type":"cond-expr","locations":[{"start":{"line":1,"column":1021},"end":{"line":1,"column":1025}},{"start":{"line":1,"column":1028},"end":{"line":1,"column":1032}}]},"7":{"loc":{"start":{"line":1,"column":954},"end":{"line":1,"column":1018}},"type":"binary-expr","locations":[{"start":{"line":1,"column":954},"end":{"line":1,"column":958}},{"start":{"line":1,"column":963},"end":{"line":1,"column":987}},{"start":{"line":1,"column":991},"end":{"line":1,"column":1017}}]},"8":{"loc":{"start":{"line":1,"column":1076},"end":{"line":1,"column":1239}},"type":"if","locations":[{"start":{"line":1,"column":1076},"end":{"line":1,"column":1239}},{"start":{"line":1,"column":1076},"end":{"line":1,"column":1239}}]},"9":{"loc":{"start":{"line":1,"column":1080},"end":{"line":1,"column":1135}},"type":"binary-expr","locations":[{"start":{"line":1,"column":1080},"end":{"line":1,"column":1112}},{"start":{"line":1,"column":1116},"end":{"line":1,"column":1135}}]},"10":{"loc":{"start":{"line":1,"column":1274},"end":{"line":1,"column":1308}},"type":"binary-expr","locations":[{"start":{"line":1,"column":1274},"end":{"line":1,"column":1284}},{"start":{"line":1,"column":1288},"end":{"line":1,"column":1308}}]},"11":{"loc":{"start":{"line":1,"column":1403},"end":{"line":1,"column":1521}},"type":"if","locations":[{"start":{"line":1,"column":1403},"end":{"line":1,"column":1521}},{"start":{"line":1,"column":1403},"end":{"line":1,"column":1521}}]},"12":{"loc":{"start":{"line":1,"column":1419},"end":{"line":1,"column":1520}},"type":"cond-expr","locations":[{"start":{"line":1,"column":1443},"end":{"line":1,"column":1486}},{"start":{"line":1,"column":1489},"end":{"line":1,"column":1520}}]},"13":{"loc":{"start":{"line":1,"column":1688},"end":{"line":1,"column":1739}},"type":"binary-expr","locations":[{"start":{"line":1,"column":1688},"end":{"line":1,"column":1705}},{"start":{"line":1,"column":1709},"end":{"line":1,"column":1739}}]}},"s":{"0":0,"1":0,"2":0,"3":0,"4":0,"5":0,"6":0,"7":0,"8":0,"9":0,"10":0,"11":0,"12":0,"13":0,"14":0,"15":0,"16":0,"17":0,"18":0,"19":0,"20":0,"21":0,"22":0,"23":0,"24":0,"25":0,"26":0,"27":0,"28":0,"29":0,"30":0,"31":0,"32":0,"33":0,"34":0,"35":0,"36":0,"37":0,"38":0,"39":0,"40":0,"41":0,"42":0,"43":0,"44":0,"45":0,"46":0,"47":0,"48":0,"49":0},"f":{"0":0,"1":0,"2":0,"3":0,"4":0,"5":0,"6":0,"7":0,"8":0,"9":0},"b":{"0":[0,0],"1":[0,0],"2":[0,0],"3":[0,0],"4":[0,0],"5":[0,0],"6":[0,0],"7":[0,0,0],"8":[0,0],"9":[0,0],"10":[0,0],"11":[0,0],"12":[0,0],"13":[0,0]}}
,"/Developer/sites/cod/W6/P2_game/src/js/functions/stats_utils.js": {"path":"/Developer/sites/cod/W6/P2_game/src/js/functions/stats_utils.js","statementMap":{"0":{"start":{"line":1,"column":31},"end":{"line":1,"column":45}},"1":{"start":{"line":1,"column":37},"end":{"line":1,"column":45}}},"fnMap":{"0":{"name":"(anonymous_0)","decl":{"start":{"line":1,"column":31},"end":{"line":1,"column":32}},"loc":{"start":{"line":1,"column":37},"end":{"line":1,"column":45}}}},"branchMap":{},"s":{"0":1,"1":0},"f":{"0":0},"b":{},"_coverageSchema":"332fd63041d2c1bcb487cc26dd0d5f7d97098a6c","hash":"f840df1f4841d07cd3005761c3cf1482e9e8ff25"}
,"/Developer/sites/cod/W6/P2_game/src/js/lib/chart.js": {"path":"/Developer/sites/cod/W6/P2_game/src/js/lib/chart.js","statementMap":{"0":{"start":{"line":1,"column":39},"end":{"line":1,"column":101}},"1":{"start":{"line":3,"column":16},"end":{"line":9,"column":1}},"2":{"start":{"line":4,"column":16},"end":{"line":4,"column":50}},"3":{"start":{"line":5,"column":16},"end":{"line":5,"column":51}},"4":{"start":{"line":6,"column":2},"end":{"line":6,"column":33}},"5":{"start":{"line":7,"column":2},"end":{"line":7,"column":33}},"6":{"start":{"line":8,"column":2},"end":{"line":8,"column":61}},"7":{"start":{"line":11,"column":18},"end":{"line":11,"column":140}}},"fnMap":{"0":{"name":"timeParse","decl":{"start":{"line":3,"column":25},"end":{"line":3,"column":34}},"loc":{"start":{"line":3,"column":49},"end":{"line":9,"column":1}}},"1":{"name":"checkLength","decl":{"start":{"line":11,"column":27},"end":{"line":11,"column":38}},"loc":{"start":{"line":11,"column":72},"end":{"line":11,"column":140}}}},"branchMap":{},"s":{"0":0,"1":0,"2":0,"3":0,"4":0,"5":0,"6":0,"7":0},"f":{"0":0,"1":0},"b":{}}
,"/Developer/sites/cod/W6/P2_game/src/js/lib/localhostRoot.js": {"path":"/Developer/sites/cod/W6/P2_game/src/js/lib/localhostRoot.js","statementMap":{"0":{"start":{"line":1,"column":39},"end":{"line":1,"column":101}},"1":{"start":{"line":1,"column":101},"end":{"line":4,"column":2}},"2":{"start":{"line":3,"column":2},"end":{"line":3,"column":41}}},"fnMap":{"0":{"name":"(anonymous_0)","decl":{"start":{"line":1,"column":119},"end":{"line":1,"column":120}},"loc":{"start":{"line":1,"column":131},"end":{"line":4,"column":1}}}},"branchMap":{},"s":{"0":0,"1":0,"2":0},"f":{"0":0},"b":{}}
}
