TN:
SF:/Developer/sites/cod/W6/P2_game/src/js/foxgame.js
FN:1,_interopRequireDefault
FN:7,init
FN:13,(anonymous_2)
FN:22,isWebfontLoaded
FN:26,startGame
FN:30,formHandler
FN:38,hideForm
FN:42,checkSessionStorageForKey
FNF:8
FNH:0
FNDA:0,_interopRequireDefault
FNDA:0,init
FNDA:0,(anonymous_2)
FNDA:0,isWebfontLoaded
FNDA:0,startGame
FNDA:0,formHandler
FNDA:0,hideForm
FNDA:0,checkSessionStorageForKey
DA:1,0
DA:3,0
DA:4,0
DA:5,0
DA:7,0
DA:9,0
DA:10,0
DA:11,0
DA:13,0
DA:15,0
DA:16,0
DA:17,0
DA:22,0
DA:23,0
DA:26,0
DA:27,0
DA:30,0
DA:31,0
DA:32,0
DA:33,0
DA:34,0
DA:38,0
DA:39,0
DA:42,0
DA:43,0
DA:44,0
DA:46,0
DA:50,0
LF:28
LH:0
BRDA:1,0,0,0
BRDA:1,0,1,0
BRDA:1,1,0,0
BRDA:1,1,1,0
BRDA:9,2,0,0
BRDA:9,2,1,0
BRDA:15,3,0,0
BRDA:15,3,1,0
BRDA:32,4,0,0
BRDA:32,4,1,0
BRDA:43,5,0,0
BRDA:43,5,1,0
BRF:12
BRH:0
end_of_record
TN:
SF:/Developer/sites/cod/W6/P2_game/src/js/stats.js
FN:2,_interopRequireDefault
FN:9,init
FN:16,loadItems
FN:23,(anonymous_3)
FN:24,(anonymous_4)
FN:34,(anonymous_5)
FN:40,loadFromPHP
FNF:7
FNH:0
FNDA:0,_interopRequireDefault
FNDA:0,init
FNDA:0,loadItems
FNDA:0,(anonymous_3)
FNDA:0,(anonymous_4)
FNDA:0,(anonymous_5)
FNDA:0,loadFromPHP
DA:2,0
DA:4,0
DA:5,0
DA:6,0
DA:7,0
DA:9,0
DA:11,0
DA:12,0
DA:13,0
DA:16,0
DA:17,0
DA:18,0
DA:25,0
DA:26,0
DA:27,0
DA:29,0
DA:30,0
DA:31,0
DA:35,0
DA:36,0
DA:40,0
DA:41,0
DA:42,0
DA:43,0
DA:44,0
DA:45,0
DA:50,0
LF:27
LH:0
BRDA:2,0,0,0
BRDA:2,0,1,0
BRDA:2,1,0,0
BRDA:2,1,1,0
BRDA:25,2,0,0
BRDA:25,2,1,0
BRDA:25,3,0,0
BRDA:25,3,1,0
BRDA:44,4,0,0
BRDA:44,4,1,0
BRF:10
BRH:0
end_of_record
TN:
SF:/Developer/sites/cod/W6/P2_game/src/js/classes/Game.js
FN:5,_interopRequireDefault
FN:5,_classCallCheck
FN:5,_possibleConstructorReturn
FN:5,_inherits
FN:7,(anonymous_4)
FN:8,Game
FNF:6
FNH:0
FNDA:0,_interopRequireDefault
FNDA:0,_classCallCheck
FNDA:0,_possibleConstructorReturn
FNDA:0,_inherits
FNDA:0,(anonymous_4)
FNDA:0,Game
DA:1,0
DA:5,0
DA:7,0
DA:8,0
DA:17,0
LF:5
LH:0
BRDA:5,0,0,0
BRDA:5,0,1,0
BRDA:5,1,0,0
BRDA:5,1,1,0
BRDA:5,2,0,0
BRDA:5,2,1,0
BRDA:5,3,0,0
BRDA:5,3,1,0
BRDA:5,4,0,0
BRDA:5,4,1,0
BRDA:5,5,0,0
BRDA:5,5,1,0
BRDA:5,5,2,0
BRDA:5,6,0,0
BRDA:5,6,1,0
BRDA:5,7,0,0
BRDA:5,7,1,0
BRDA:5,8,0,0
BRDA:5,8,1,0
BRDA:5,9,0,0
BRDA:5,9,1,0
BRDA:5,10,0,0
BRDA:5,10,1,0
BRDA:8,11,0,0
BRDA:8,11,1,0
BRF:25
BRH:0
end_of_record
TN:
SF:/Developer/sites/cod/W6/P2_game/src/js/classes/objects/Cave.js
FN:1,(anonymous_0)
FN:1,defineProperties
FN:1,(anonymous_2)
FN:1,_classCallCheck
FN:1,_possibleConstructorReturn
FN:1,_inherits
FN:1,(anonymous_6)
FN:2,Cave
FN:7,getRandomCave
FN:12,reset
FNF:10
FNH:0
FNDA:0,(anonymous_0)
FNDA:0,defineProperties
FNDA:0,(anonymous_2)
FNDA:0,_classCallCheck
FNDA:0,_possibleConstructorReturn
FNDA:0,_inherits
FNDA:0,(anonymous_6)
FNDA:0,Cave
FNDA:0,getRandomCave
FNDA:0,reset
DA:1,0
DA:2,0
DA:7,0
DA:10,0
DA:11,0
DA:15,0
DA:16,0
DA:18,0
DA:19,0
LF:9
LH:0
BRDA:1,0,0,0
BRDA:1,0,1,0
BRDA:1,1,0,0
BRDA:1,1,1,0
BRDA:1,2,0,0
BRDA:1,2,1,0
BRDA:1,3,0,0
BRDA:1,3,1,0
BRDA:1,4,0,0
BRDA:1,4,1,0
BRDA:1,5,0,0
BRDA:1,5,1,0
BRDA:1,6,0,0
BRDA:1,6,1,0
BRDA:1,7,0,0
BRDA:1,7,1,0
BRDA:1,7,2,0
BRDA:1,8,0,0
BRDA:1,8,1,0
BRDA:1,9,0,0
BRDA:1,9,1,0
BRDA:1,10,0,0
BRDA:1,10,1,0
BRDA:1,11,0,0
BRDA:1,11,1,0
BRDA:1,12,0,0
BRDA:1,12,1,0
BRDA:2,13,0,0
BRDA:2,13,1,0
BRF:29
BRH:0
end_of_record
TN:
SF:/Developer/sites/cod/W6/P2_game/src/js/classes/objects/Chicken.js
FN:1,(anonymous_0)
FN:1,defineProperties
FN:1,(anonymous_2)
FN:1,_classCallCheck
FN:1,_possibleConstructorReturn
FN:1,_inherits
FN:1,(anonymous_6)
FN:2,Chicken
FN:11,getRandomNumber
FN:15,setDirection
FN:28,hasScored
FN:32,getDirection
FN:36,move
FN:40,kill
FN:45,revive
FNF:15
FNH:0
FNDA:0,(anonymous_0)
FNDA:0,defineProperties
FNDA:0,(anonymous_2)
FNDA:0,_classCallCheck
FNDA:0,_possibleConstructorReturn
FNDA:0,_inherits
FNDA:0,(anonymous_6)
FNDA:0,Chicken
FNDA:0,getRandomNumber
FNDA:0,setDirection
FNDA:0,hasScored
FNDA:0,getDirection
FNDA:0,move
FNDA:0,kill
FNDA:0,revive
DA:1,0
DA:2,0
DA:7,0
DA:11,0
DA:14,0
DA:18,0
DA:19,0
DA:20,0
DA:21,0
DA:22,0
DA:24,0
DA:25,0
DA:26,0
DA:35,0
DA:39,0
DA:43,0
DA:44,0
DA:48,0
DA:49,0
DA:50,0
DA:51,0
DA:52,0
DA:53,0
DA:54,0
LF:24
LH:0
BRDA:1,0,0,0
BRDA:1,0,1,0
BRDA:1,1,0,0
BRDA:1,1,1,0
BRDA:1,2,0,0
BRDA:1,2,1,0
BRDA:1,3,0,0
BRDA:1,3,1,0
BRDA:1,4,0,0
BRDA:1,4,1,0
BRDA:1,5,0,0
BRDA:1,5,1,0
BRDA:1,6,0,0
BRDA:1,6,1,0
BRDA:1,7,0,0
BRDA:1,7,1,0
BRDA:1,7,2,0
BRDA:1,8,0,0
BRDA:1,8,1,0
BRDA:1,9,0,0
BRDA:1,9,1,0
BRDA:1,10,0,0
BRDA:1,10,1,0
BRDA:1,11,0,0
BRDA:1,11,1,0
BRDA:1,12,0,0
BRDA:1,12,1,0
BRDA:2,13,0,0
BRDA:2,13,1,0
BRDA:19,14,0,0
BRDA:19,14,1,0
BRF:31
BRH:0
end_of_record
TN:
SF:/Developer/sites/cod/W6/P2_game/src/js/classes/objects/Fox.js
FN:1,(anonymous_0)
FN:1,defineProperties
FN:1,(anonymous_2)
FN:1,_classCallCheck
FN:1,_possibleConstructorReturn
FN:1,_inherits
FN:1,(anonymous_6)
FN:3,Fox
FN:19,jump
FN:24,fall
FN:28,run
FNF:11
FNH:0
FNDA:0,(anonymous_0)
FNDA:0,defineProperties
FNDA:0,(anonymous_2)
FNDA:0,_classCallCheck
FNDA:0,_possibleConstructorReturn
FNDA:0,_inherits
FNDA:0,(anonymous_6)
FNDA:0,Fox
FNDA:0,jump
FNDA:0,fall
FNDA:0,run
DA:1,0
DA:3,0
DA:14,0
DA:19,0
DA:22,0
DA:23,0
DA:27,0
DA:31,0
DA:32,0
LF:9
LH:0
BRDA:1,0,0,0
BRDA:1,0,1,0
BRDA:1,1,0,0
BRDA:1,1,1,0
BRDA:1,2,0,0
BRDA:1,2,1,0
BRDA:1,3,0,0
BRDA:1,3,1,0
BRDA:1,4,0,0
BRDA:1,4,1,0
BRDA:1,5,0,0
BRDA:1,5,1,0
BRDA:1,6,0,0
BRDA:1,6,1,0
BRDA:1,7,0,0
BRDA:1,7,1,0
BRDA:1,7,2,0
BRDA:1,8,0,0
BRDA:1,8,1,0
BRDA:1,9,0,0
BRDA:1,9,1,0
BRDA:1,10,0,0
BRDA:1,10,1,0
BRDA:1,11,0,0
BRDA:1,11,1,0
BRDA:1,12,0,0
BRDA:1,12,1,0
BRDA:3,13,0,0
BRDA:3,13,1,0
BRF:29
BRH:0
end_of_record
TN:
SF:/Developer/sites/cod/W6/P2_game/src/js/classes/objects/Platform.js
FN:1,_classCallCheck
FN:1,_possibleConstructorReturn
FN:1,_inherits
FN:1,(anonymous_3)
FN:2,Platform
FNF:5
FNH:0
FNDA:0,_classCallCheck
FNDA:0,_possibleConstructorReturn
FNDA:0,_inherits
FNDA:0,(anonymous_3)
FNDA:0,Platform
DA:1,0
DA:2,0
DA:6,0
DA:10,0
LF:4
LH:0
BRDA:1,0,0,0
BRDA:1,0,1,0
BRDA:1,1,0,0
BRDA:1,1,1,0
BRDA:1,2,0,0
BRDA:1,2,1,0
BRDA:1,3,0,0
BRDA:1,3,1,0
BRDA:1,3,2,0
BRDA:1,4,0,0
BRDA:1,4,1,0
BRDA:1,5,0,0
BRDA:1,5,1,0
BRDA:1,6,0,0
BRDA:1,6,1,0
BRDA:1,7,0,0
BRDA:1,7,1,0
BRDA:1,8,0,0
BRDA:1,8,1,0
BRDA:2,9,0,0
BRDA:2,9,1,0
BRF:21
BRH:0
end_of_record
TN:
SF:/Developer/sites/cod/W6/P2_game/src/js/classes/objects/PlatformGroup.js
FN:1,(anonymous_0)
FN:1,defineProperties
FN:1,(anonymous_2)
FN:3,_interopRequireDefault
FN:3,_classCallCheck
FN:3,_possibleConstructorReturn
FN:3,_inherits
FN:5,(anonymous_7)
FN:7,PlatformGroup
FN:22,getRandomPlatform
FN:27,getRandomTree
FN:32,getRandomNumber
FN:36,kill
FN:46,reset
FN:85,update
FNF:15
FNH:0
FNDA:0,(anonymous_0)
FNDA:0,defineProperties
FNDA:0,(anonymous_2)
FNDA:0,_interopRequireDefault
FNDA:0,_classCallCheck
FNDA:0,_possibleConstructorReturn
FNDA:0,_inherits
FNDA:0,(anonymous_7)
FNDA:0,PlatformGroup
FNDA:0,getRandomPlatform
FNDA:0,getRandomTree
FNDA:0,getRandomNumber
FNDA:0,kill
FNDA:0,reset
FNDA:0,update
DA:1,0
DA:3,0
DA:5,0
DA:7,0
DA:10,0
DA:11,0
DA:22,0
DA:25,0
DA:26,0
DA:30,0
DA:31,0
DA:35,0
DA:39,0
DA:40,0
DA:41,0
DA:43,0
DA:44,0
DA:49,0
DA:52,0
DA:53,0
DA:56,0
DA:57,0
DA:58,0
DA:59,0
DA:62,0
DA:65,0
DA:66,0
DA:67,0
DA:71,0
DA:72,0
DA:73,0
DA:74,0
DA:75,0
DA:79,0
DA:80,0
DA:81,0
DA:84,0
DA:89,0
DA:92,0
DA:93,0
DA:94,0
DA:95,0
DA:98,0
DA:99,0
DA:102,0
LF:45
LH:0
BRDA:1,0,0,0
BRDA:1,0,1,0
BRDA:1,1,0,0
BRDA:1,1,1,0
BRDA:1,2,0,0
BRDA:1,2,1,0
BRDA:1,3,0,0
BRDA:1,3,1,0
BRDA:3,4,0,0
BRDA:3,4,1,0
BRDA:3,5,0,0
BRDA:3,5,1,0
BRDA:3,6,0,0
BRDA:3,6,1,0
BRDA:3,7,0,0
BRDA:3,7,1,0
BRDA:3,8,0,0
BRDA:3,8,1,0
BRDA:3,9,0,0
BRDA:3,9,1,0
BRDA:3,9,2,0
BRDA:3,10,0,0
BRDA:3,10,1,0
BRDA:3,11,0,0
BRDA:3,11,1,0
BRDA:3,12,0,0
BRDA:3,12,1,0
BRDA:3,13,0,0
BRDA:3,13,1,0
BRDA:3,14,0,0
BRDA:3,14,1,0
BRDA:7,15,0,0
BRDA:7,15,1,0
BRDA:10,16,0,0
BRDA:10,16,1,0
BRDA:40,17,0,0
BRDA:40,17,1,0
BRDA:43,18,0,0
BRDA:43,18,1,0
BRDA:65,19,0,0
BRDA:65,19,1,0
BRDA:71,20,0,0
BRDA:71,20,1,0
BRDA:89,21,0,0
BRDA:89,21,1,0
BRDA:94,22,0,0
BRDA:94,22,1,0
BRF:47
BRH:0
end_of_record
TN:
SF:/Developer/sites/cod/W6/P2_game/src/js/classes/objects/PlatformGroupStart.js
FN:2,_interopRequireDefault
FN:2,_classCallCheck
FN:2,_possibleConstructorReturn
FN:2,_inherits
FN:4,(anonymous_4)
FN:5,PlatformGroupStart
FNF:6
FNH:0
FNDA:0,_interopRequireDefault
FNDA:0,_classCallCheck
FNDA:0,_possibleConstructorReturn
FNDA:0,_inherits
FNDA:0,(anonymous_4)
FNDA:0,PlatformGroupStart
DA:1,0
DA:2,0
DA:4,0
DA:5,0
DA:8,0
DA:9,0
DA:19,0
DA:20,0
DA:21,0
DA:23,0
LF:10
LH:0
BRDA:2,0,0,0
BRDA:2,0,1,0
BRDA:2,1,0,0
BRDA:2,1,1,0
BRDA:2,2,0,0
BRDA:2,2,1,0
BRDA:2,3,0,0
BRDA:2,3,1,0
BRDA:2,4,0,0
BRDA:2,4,1,0
BRDA:2,5,0,0
BRDA:2,5,1,0
BRDA:2,5,2,0
BRDA:2,6,0,0
BRDA:2,6,1,0
BRDA:2,7,0,0
BRDA:2,7,1,0
BRDA:2,8,0,0
BRDA:2,8,1,0
BRDA:2,9,0,0
BRDA:2,9,1,0
BRDA:2,10,0,0
BRDA:2,10,1,0
BRDA:5,11,0,0
BRDA:5,11,1,0
BRF:25
BRH:0
end_of_record
TN:
SF:/Developer/sites/cod/W6/P2_game/src/js/classes/objects/Scoreboard.js
FN:1,(anonymous_0)
FN:1,defineProperties
FN:1,(anonymous_2)
FN:1,_classCallCheck
FN:1,_possibleConstructorReturn
FN:1,_inherits
FN:1,(anonymous_6)
FN:2,Scoreboard
FN:28,createIconLeader
FN:38,leaderboardClicked
FN:42,restartGame
FN:46,show
FNF:12
FNH:0
FNDA:0,(anonymous_0)
FNDA:0,defineProperties
FNDA:0,(anonymous_2)
FNDA:0,_classCallCheck
FNDA:0,_possibleConstructorReturn
FNDA:0,_inherits
FNDA:0,(anonymous_6)
FNDA:0,Scoreboard
FNDA:0,createIconLeader
FNDA:0,leaderboardClicked
FNDA:0,restartGame
FNDA:0,show
DA:1,0
DA:2,0
DA:12,0
DA:14,0
DA:15,0
DA:19,0
DA:21,0
DA:22,0
DA:24,0
DA:25,0
DA:28,0
DA:31,0
DA:32,0
DA:34,0
DA:41,0
DA:45,0
DA:49,0
DA:50,0
LF:18
LH:0
BRDA:1,0,0,0
BRDA:1,0,1,0
BRDA:1,1,0,0
BRDA:1,1,1,0
BRDA:1,2,0,0
BRDA:1,2,1,0
BRDA:1,3,0,0
BRDA:1,3,1,0
BRDA:1,4,0,0
BRDA:1,4,1,0
BRDA:1,5,0,0
BRDA:1,5,1,0
BRDA:1,6,0,0
BRDA:1,6,1,0
BRDA:1,7,0,0
BRDA:1,7,1,0
BRDA:1,7,2,0
BRDA:1,8,0,0
BRDA:1,8,1,0
BRDA:1,9,0,0
BRDA:1,9,1,0
BRDA:1,10,0,0
BRDA:1,10,1,0
BRDA:1,11,0,0
BRDA:1,11,1,0
BRDA:1,12,0,0
BRDA:1,12,1,0
BRDA:2,13,0,0
BRDA:2,13,1,0
BRF:29
BRH:0
end_of_record
TN:
SF:/Developer/sites/cod/W6/P2_game/src/js/classes/objects/Tree.js
FN:1,(anonymous_0)
FN:1,defineProperties
FN:1,(anonymous_2)
FN:1,_classCallCheck
FN:1,_possibleConstructorReturn
FN:1,_inherits
FN:1,(anonymous_6)
FN:2,Tree
FN:8,kill
FN:12,revive
FNF:10
FNH:0
FNDA:0,(anonymous_0)
FNDA:0,defineProperties
FNDA:0,(anonymous_2)
FNDA:0,_classCallCheck
FNDA:0,_possibleConstructorReturn
FNDA:0,_inherits
FNDA:0,(anonymous_6)
FNDA:0,Tree
FNDA:0,kill
FNDA:0,revive
DA:1,0
DA:2,0
DA:8,0
DA:11,0
DA:15,0
DA:16,0
DA:17,0
DA:18,0
LF:8
LH:0
BRDA:1,0,0,0
BRDA:1,0,1,0
BRDA:1,1,0,0
BRDA:1,1,1,0
BRDA:1,2,0,0
BRDA:1,2,1,0
BRDA:1,3,0,0
BRDA:1,3,1,0
BRDA:1,4,0,0
BRDA:1,4,1,0
BRDA:1,5,0,0
BRDA:1,5,1,0
BRDA:1,6,0,0
BRDA:1,6,1,0
BRDA:1,7,0,0
BRDA:1,7,1,0
BRDA:1,7,2,0
BRDA:1,8,0,0
BRDA:1,8,1,0
BRDA:1,9,0,0
BRDA:1,9,1,0
BRDA:1,10,0,0
BRDA:1,10,1,0
BRDA:1,11,0,0
BRDA:1,11,1,0
BRDA:1,12,0,0
BRDA:1,12,1,0
BRDA:2,13,0,0
BRDA:2,13,1,0
BRF:29
BRH:0
end_of_record
TN:
SF:/Developer/sites/cod/W6/P2_game/src/js/classes/states/Boot.js
FN:1,(anonymous_0)
FN:1,defineProperties
FN:1,(anonymous_2)
FN:1,_classCallCheck
FN:1,_possibleConstructorReturn
FN:1,_inherits
FN:1,(anonymous_6)
FN:1,Boot
FN:1,preload
FN:4,create
FNF:10
FNH:0
FNDA:0,(anonymous_0)
FNDA:0,defineProperties
FNDA:0,(anonymous_2)
FNDA:0,_classCallCheck
FNDA:0,_possibleConstructorReturn
FNDA:0,_inherits
FNDA:0,(anonymous_6)
FNDA:0,Boot
FNDA:0,preload
FNDA:0,create
DA:1,0
DA:3,0
DA:6,0
DA:7,0
LF:4
LH:0
BRDA:1,0,0,0
BRDA:1,0,1,0
BRDA:1,1,0,0
BRDA:1,1,1,0
BRDA:1,2,0,0
BRDA:1,2,1,0
BRDA:1,3,0,0
BRDA:1,3,1,0
BRDA:1,4,0,0
BRDA:1,4,1,0
BRDA:1,5,0,0
BRDA:1,5,1,0
BRDA:1,6,0,0
BRDA:1,6,1,0
BRDA:1,7,0,0
BRDA:1,7,1,0
BRDA:1,7,2,0
BRDA:1,8,0,0
BRDA:1,8,1,0
BRDA:1,9,0,0
BRDA:1,9,1,0
BRDA:1,10,0,0
BRDA:1,10,1,0
BRDA:1,11,0,0
BRDA:1,11,1,0
BRDA:1,12,0,0
BRDA:1,12,1,0
BRDA:1,13,0,0
BRDA:1,13,1,0
BRF:29
BRH:0
end_of_record
TN:
SF:/Developer/sites/cod/W6/P2_game/src/js/classes/states/Leaderboard.js
FN:1,(anonymous_0)
FN:1,defineProperties
FN:1,(anonymous_2)
FN:1,_interopRequireDefault
FN:1,_classCallCheck
FN:1,_possibleConstructorReturn
FN:1,_inherits
FN:3,(anonymous_7)
FN:3,Leaderboard
FN:3,create
FN:11,createBackground
FN:17,addBackButton
FN:34,showBoard
FN:38,(anonymous_13)
FN:49,fallBack
FN:56,fetchLeaderboard
FN:64,(anonymous_16)
FN:65,(anonymous_17)
FN:72,(anonymous_18)
FN:75,restartGame
FNF:20
FNH:0
FNDA:0,(anonymous_0)
FNDA:0,defineProperties
FNDA:0,(anonymous_2)
FNDA:0,_interopRequireDefault
FNDA:0,_classCallCheck
FNDA:0,_possibleConstructorReturn
FNDA:0,_inherits
FNDA:0,(anonymous_7)
FNDA:0,Leaderboard
FNDA:0,create
FNDA:0,createBackground
FNDA:0,addBackButton
FNDA:0,showBoard
FNDA:0,(anonymous_13)
FNDA:0,fallBack
FNDA:0,fetchLeaderboard
FNDA:0,(anonymous_16)
FNDA:0,(anonymous_17)
FNDA:0,(anonymous_18)
FNDA:0,restartGame
DA:1,0
DA:3,0
DA:6,0
DA:8,0
DA:9,0
DA:10,0
DA:14,0
DA:15,0
DA:16,0
DA:20,0
DA:22,0
DA:23,0
DA:27,0
DA:29,0
DA:30,0
DA:32,0
DA:33,0
DA:37,0
DA:38,0
DA:47,0
DA:52,0
DA:59,0
DA:66,0
DA:68,0
DA:78,0
DA:79,0
LF:26
LH:0
BRDA:1,0,0,0
BRDA:1,0,1,0
BRDA:1,1,0,0
BRDA:1,1,1,0
BRDA:1,2,0,0
BRDA:1,2,1,0
BRDA:1,3,0,0
BRDA:1,3,1,0
BRDA:1,4,0,0
BRDA:1,4,1,0
BRDA:1,5,0,0
BRDA:1,5,1,0
BRDA:1,6,0,0
BRDA:1,6,1,0
BRDA:1,7,0,0
BRDA:1,7,1,0
BRDA:1,8,0,0
BRDA:1,8,1,0
BRDA:1,9,0,0
BRDA:1,9,1,0
BRDA:1,9,2,0
BRDA:1,10,0,0
BRDA:1,10,1,0
BRDA:1,11,0,0
BRDA:1,11,1,0
BRDA:1,12,0,0
BRDA:1,12,1,0
BRDA:1,13,0,0
BRDA:1,13,1,0
BRDA:1,14,0,0
BRDA:1,14,1,0
BRDA:3,15,0,0
BRDA:3,15,1,0
BRDA:66,16,0,0
BRDA:66,16,1,0
BRDA:66,17,0,0
BRDA:66,17,1,0
BRF:37
BRH:0
end_of_record
TN:
SF:/Developer/sites/cod/W6/P2_game/src/js/classes/states/Menu.js
FN:1,(anonymous_0)
FN:1,defineProperties
FN:1,(anonymous_2)
FN:1,_interopRequireDefault
FN:1,_classCallCheck
FN:1,_possibleConstructorReturn
FN:1,_inherits
FN:3,(anonymous_7)
FN:3,Menu
FN:3,create
FN:16,createBackground
FN:22,createIconLeader
FN:32,leaderboardClicked
FN:36,createTitle
FN:44,createStartPlatform
FN:51,createText
FN:60,createSound
FN:65,createKeys
FN:69,update
FNF:19
FNH:0
FNDA:0,(anonymous_0)
FNDA:0,defineProperties
FNDA:0,(anonymous_2)
FNDA:0,_interopRequireDefault
FNDA:0,_classCallCheck
FNDA:0,_possibleConstructorReturn
FNDA:0,_inherits
FNDA:0,(anonymous_7)
FNDA:0,Menu
FNDA:0,create
FNDA:0,createBackground
FNDA:0,createIconLeader
FNDA:0,leaderboardClicked
FNDA:0,createTitle
FNDA:0,createStartPlatform
FNDA:0,createText
FNDA:0,createSound
FNDA:0,createKeys
FNDA:0,update
DA:1,0
DA:3,0
DA:5,0
DA:6,0
DA:7,0
DA:8,0
DA:9,0
DA:10,0
DA:11,0
DA:14,0
DA:15,0
DA:19,0
DA:20,0
DA:21,0
DA:25,0
DA:26,0
DA:28,0
DA:35,0
DA:39,0
DA:43,0
DA:47,0
DA:48,0
DA:49,0
DA:50,0
DA:54,0
DA:58,0
DA:59,0
DA:63,0
DA:68,0
DA:72,0
DA:73,0
DA:76,0
DA:77,0
DA:78,0
DA:81,0
LF:35
LH:0
BRDA:1,0,0,0
BRDA:1,0,1,0
BRDA:1,1,0,0
BRDA:1,1,1,0
BRDA:1,2,0,0
BRDA:1,2,1,0
BRDA:1,3,0,0
BRDA:1,3,1,0
BRDA:1,4,0,0
BRDA:1,4,1,0
BRDA:1,5,0,0
BRDA:1,5,1,0
BRDA:1,6,0,0
BRDA:1,6,1,0
BRDA:1,7,0,0
BRDA:1,7,1,0
BRDA:1,8,0,0
BRDA:1,8,1,0
BRDA:1,9,0,0
BRDA:1,9,1,0
BRDA:1,9,2,0
BRDA:1,10,0,0
BRDA:1,10,1,0
BRDA:1,11,0,0
BRDA:1,11,1,0
BRDA:1,12,0,0
BRDA:1,12,1,0
BRDA:1,13,0,0
BRDA:1,13,1,0
BRDA:1,14,0,0
BRDA:1,14,1,0
BRDA:3,15,0,0
BRDA:3,15,1,0
BRDA:72,16,0,0
BRDA:72,16,1,0
BRDA:76,17,0,0
BRDA:76,17,1,0
BRF:37
BRH:0
end_of_record
TN:
SF:/Developer/sites/cod/W6/P2_game/src/js/classes/states/Play.js
FN:1,(anonymous_0)
FN:1,defineProperties
FN:1,(anonymous_2)
FN:6,_interopRequireDefault
FN:6,_classCallCheck
FN:6,_possibleConstructorReturn
FN:6,_inherits
FN:8,(anonymous_7)
FN:8,Play
FN:8,create
FN:50,createScore
FN:58,updateScore
FN:63,createBackground
FN:69,createTitle
FN:77,createStartPlatform
FN:84,spawnPlatform
FN:141,platformDelay
FN:151,addFox
FN:156,goFaster
FN:163,gameOver
FN:174,keyBindings
FN:178,checkKeyboard
FN:185,caveDelay
FN:195,spawnCave
FN:206,foxFall
FN:215,checkChickenCollide
FN:222,killChicken
FN:228,update
FN:235,(anonymous_28)
FN:252,(anonymous_29)
FN:257,(anonymous_30)
FN:274,pushDataToServer
FN:296,(anonymous_32)
FN:297,(anonymous_33)
FNF:34
FNH:0
FNDA:0,(anonymous_0)
FNDA:0,defineProperties
FNDA:0,(anonymous_2)
FNDA:0,_interopRequireDefault
FNDA:0,_classCallCheck
FNDA:0,_possibleConstructorReturn
FNDA:0,_inherits
FNDA:0,(anonymous_7)
FNDA:0,Play
FNDA:0,create
FNDA:0,createScore
FNDA:0,updateScore
FNDA:0,createBackground
FNDA:0,createTitle
FNDA:0,createStartPlatform
FNDA:0,spawnPlatform
FNDA:0,platformDelay
FNDA:0,addFox
FNDA:0,goFaster
FNDA:0,gameOver
FNDA:0,keyBindings
FNDA:0,checkKeyboard
FNDA:0,caveDelay
FNDA:0,spawnCave
FNDA:0,foxFall
FNDA:0,checkChickenCollide
FNDA:0,killChicken
FNDA:0,update
FNDA:0,(anonymous_28)
FNDA:0,(anonymous_29)
FNDA:0,(anonymous_30)
FNDA:0,pushDataToServer
FNDA:0,(anonymous_32)
FNDA:0,(anonymous_33)
DA:1,0
DA:6,0
DA:8,0
DA:12,0
DA:13,0
DA:16,0
DA:17,0
DA:18,0
DA:19,0
DA:20,0
DA:21,0
DA:22,0
DA:23,0
DA:24,0
DA:25,0
DA:27,0
DA:28,0
DA:31,0
DA:32,0
DA:33,0
DA:34,0
DA:35,0
DA:36,0
DA:39,0
DA:43,0
DA:44,0
DA:47,0
DA:48,0
DA:49,0
DA:53,0
DA:57,0
DA:61,0
DA:62,0
DA:66,0
DA:67,0
DA:68,0
DA:72,0
DA:76,0
DA:80,0
DA:81,0
DA:82,0
DA:83,0
DA:87,0
DA:88,0
DA:89,0
DA:90,0
DA:92,0
DA:93,0
DA:95,0
DA:97,0
DA:99,0
DA:100,0
DA:102,0
DA:103,0
DA:105,0
DA:106,0
DA:108,0
DA:109,0
DA:111,0
DA:112,0
DA:114,0
DA:115,0
DA:117,0
DA:118,0
DA:120,0
DA:121,0
DA:123,0
DA:124,0
DA:126,0
DA:127,0
DA:129,0
DA:130,0
DA:132,0
DA:133,0
DA:135,0
DA:138,0
DA:140,0
DA:145,0
DA:146,0
DA:149,0
DA:150,0
DA:154,0
DA:155,0
DA:159,0
DA:161,0
DA:166,0
DA:168,0
DA:170,0
DA:171,0
DA:172,0
DA:173,0
DA:177,0
DA:181,0
DA:182,0
DA:183,0
DA:188,0
DA:189,0
DA:192,0
DA:193,0
DA:194,0
DA:198,0
DA:199,0
DA:200,0
DA:201,0
DA:203,0
DA:205,0
DA:209,0
DA:210,0
DA:211,0
DA:212,0
DA:213,0
DA:218,0
DA:219,0
DA:220,0
DA:225,0
DA:226,0
DA:227,0
DA:231,0
DA:232,0
DA:235,0
DA:236,0
DA:245,0
DA:246,0
DA:247,0
DA:248,0
DA:252,0
DA:253,0
DA:257,0
DA:258,0
DA:262,0
DA:263,0
DA:264,0
DA:268,0
DA:269,0
DA:270,0
DA:273,0
DA:281,0
DA:283,0
DA:284,0
DA:285,0
DA:286,0
DA:287,0
DA:289,0
DA:298,0
DA:299,0
DA:301,0
DA:304,0
LF:147
LH:0
BRDA:1,0,0,0
BRDA:1,0,1,0
BRDA:1,1,0,0
BRDA:1,1,1,0
BRDA:1,2,0,0
BRDA:1,2,1,0
BRDA:1,3,0,0
BRDA:1,3,1,0
BRDA:6,4,0,0
BRDA:6,4,1,0
BRDA:6,5,0,0
BRDA:6,5,1,0
BRDA:6,6,0,0
BRDA:6,6,1,0
BRDA:6,7,0,0
BRDA:6,7,1,0
BRDA:6,8,0,0
BRDA:6,8,1,0
BRDA:6,9,0,0
BRDA:6,9,1,0
BRDA:6,9,2,0
BRDA:6,10,0,0
BRDA:6,10,1,0
BRDA:6,11,0,0
BRDA:6,11,1,0
BRDA:6,12,0,0
BRDA:6,12,1,0
BRDA:6,13,0,0
BRDA:6,13,1,0
BRDA:6,14,0,0
BRDA:6,14,1,0
BRDA:8,15,0,0
BRDA:8,15,1,0
BRDA:88,16,0,0
BRDA:88,16,1,0
BRDA:97,17,0,0
BRDA:97,17,1,0
BRDA:97,17,2,0
BRDA:97,17,3,0
BRDA:97,17,4,0
BRDA:97,17,5,0
BRDA:97,17,6,0
BRDA:97,17,7,0
BRDA:97,17,8,0
BRDA:97,17,9,0
BRDA:97,17,10,0
BRDA:97,17,11,0
BRDA:97,17,12,0
BRDA:145,18,0,0
BRDA:145,18,1,0
BRDA:159,19,0,0
BRDA:159,19,1,0
BRDA:181,20,0,0
BRDA:181,20,1,0
BRDA:181,21,0,0
BRDA:181,21,1,0
BRDA:188,22,0,0
BRDA:188,22,1,0
BRDA:199,23,0,0
BRDA:199,23,1,0
BRDA:212,24,0,0
BRDA:212,24,1,0
BRDA:219,25,0,0
BRDA:219,25,1,0
BRDA:231,26,0,0
BRDA:231,26,1,0
BRDA:236,27,0,0
BRDA:236,27,1,0
BRDA:245,28,0,0
BRDA:245,28,1,0
BRDA:245,29,0,0
BRDA:245,29,1,0
BRDA:247,30,0,0
BRDA:247,30,1,0
BRDA:262,31,0,0
BRDA:262,31,1,0
BRDA:269,32,0,0
BRDA:269,32,1,0
BRDA:298,33,0,0
BRDA:298,33,1,0
BRF:80
BRH:0
end_of_record
TN:
SF:/Developer/sites/cod/W6/P2_game/src/js/classes/states/Preload.js
FN:1,(anonymous_0)
FN:1,defineProperties
FN:1,(anonymous_2)
FN:1,_classCallCheck
FN:1,_possibleConstructorReturn
FN:1,_inherits
FN:1,(anonymous_6)
FN:1,Preload
FN:1,preload
FN:24,create
FNF:10
FNH:0
FNDA:0,(anonymous_0)
FNDA:0,defineProperties
FNDA:0,(anonymous_2)
FNDA:0,_classCallCheck
FNDA:0,_possibleConstructorReturn
FNDA:0,_inherits
FNDA:0,(anonymous_6)
FNDA:0,Preload
FNDA:0,preload
FNDA:0,create
DA:1,0
DA:3,0
DA:4,0
DA:5,0
DA:6,0
DA:8,0
DA:9,0
DA:10,0
DA:11,0
DA:12,0
DA:13,0
DA:15,0
DA:16,0
DA:17,0
DA:18,0
DA:19,0
DA:21,0
DA:22,0
DA:23,0
DA:26,0
DA:27,0
LF:21
LH:0
BRDA:1,0,0,0
BRDA:1,0,1,0
BRDA:1,1,0,0
BRDA:1,1,1,0
BRDA:1,2,0,0
BRDA:1,2,1,0
BRDA:1,3,0,0
BRDA:1,3,1,0
BRDA:1,4,0,0
BRDA:1,4,1,0
BRDA:1,5,0,0
BRDA:1,5,1,0
BRDA:1,6,0,0
BRDA:1,6,1,0
BRDA:1,7,0,0
BRDA:1,7,1,0
BRDA:1,7,2,0
BRDA:1,8,0,0
BRDA:1,8,1,0
BRDA:1,9,0,0
BRDA:1,9,1,0
BRDA:1,10,0,0
BRDA:1,10,1,0
BRDA:1,11,0,0
BRDA:1,11,1,0
BRDA:1,12,0,0
BRDA:1,12,1,0
BRDA:1,13,0,0
BRDA:1,13,1,0
BRF:29
BRH:0
end_of_record
TN:
SF:/Developer/sites/cod/W6/P2_game/src/js/functions/stats_utils.js
FN:1,(anonymous_0)
FNF:1
FNH:0
FNDA:0,(anonymous_0)
DA:1,1
LF:1
LH:1
BRF:0
BRH:0
end_of_record
TN:
SF:/Developer/sites/cod/W6/P2_game/src/js/lib/chart.js
FN:3,timeParse
FN:11,checkLength
FNF:2
FNH:0
FNDA:0,timeParse
FNDA:0,checkLength
DA:1,0
DA:3,0
DA:4,0
DA:5,0
DA:6,0
DA:7,0
DA:8,0
DA:11,0
LF:8
LH:0
BRF:0
BRH:0
end_of_record
TN:
SF:/Developer/sites/cod/W6/P2_game/src/js/lib/localhostRoot.js
FN:1,(anonymous_0)
FNF:1
FNH:0
FNDA:0,(anonymous_0)
DA:1,0
DA:3,0
LF:2
LH:0
BRF:0
BRH:0
end_of_record
